#
# A fatal error has been detected by the Java Runtime Environment:
#
#  EXCEPTION_ACCESS_VIOLATION (0xc0000005) at pc=0x00007ff99a3e3bf5, pid=26936, tid=0x000000000000448c
#
# JRE version: Java(TM) SE Runtime Environment (8.0_271-b09) (build 1.8.0_271-b09)
# Java VM: Java HotSpot(TM) 64-Bit Server VM (25.271-b09 mixed mode windows-amd64 compressed oops)
# Problematic frame:
# C  [libarcsoft_face.dll+0x3bf5]
#
# Failed to write core dump. Minidumps are not enabled by default on client versions of Windows
#
# If you would like to submit a bug report, please visit:
#   http://bugreport.java.com/bugreport/crash.jsp
# The crash happened outside the Java Virtual Machine in native code.
# See problematic frame for where to report the bug.
#

---------------  T H R E A D  ---------------

Current thread (0x0000024e5b7ab800):  JavaThread "http-nio-9099-exec-3" daemon [_thread_in_native, id=17548, stack(0x000000c6b1500000,0x000000c6b1600000)]

siginfo: ExceptionCode=0xc0000005, reading address 0x000015f100000048

Registers:
RAX=0x000015f100000038, RBX=0x000000c6b15fc600, RCX=0x000000c6b15fc4e0, RDX=0x0000000000000003
RSP=0x000000c6b15fc490, RBP=0x0000024e5b9b2020, RSI=0x000000c6b15fc510, RDI=0x0000024e3dd693d0
R8 =0x0000000000000000, R9 =0x0000024e5b9b2020, R10=0x00000000000000c8, R11=0x000000c6b15fc540
R12=0x0000000000000000, R13=0x0000024e5c339aa8, R14=0x0000024e5b15a6e0, R15=0x0000000000000201
RIP=0x00007ff99a3e3bf5, EFLAGS=0x0000000000010206

Top of Stack: (sp=0x000000c6b15fc490)
0x000000c6b15fc490:   0000024e5b9b2020 00000000f8002f7e
0x000000c6b15fc4a0:   00000000666e2b00 00007ff9cacdb8c6
0x000000c6b15fc4b0:   01dac08d1c3af3df 0000000779da54f0
0x000000c6b15fc4c0:   0000024e5b9b2020 000000005207d151
0x000000c6b15fc4d0:   000000c6b15fc600 00007ff9cacc58ca
0x000000c6b15fc4e0:   00000000000000c8 00000000000000c8
0x000000c6b15fc4f0:   00000000000000c8 0000000000000000
0x000000c6b15fc500:   000000c6b15fc510 0000000000000000
0x000000c6b15fc510:   000000c800000201 00000000000000c8
0x000000c6b15fc520:   0000024e5b9b2020 0000000000000000
0x000000c6b15fc530:   0000000000000000 0000000000000000
0x000000c6b15fc540:   0000000000000258 0000000000000000
0x000000c6b15fc550:   0000d80a7d077003 00007ff9df684b60
0x000000c6b15fc560:   0000024e5b7ab800 000000c6b15fc738
0x000000c6b15fc570:   000000c6b15fc620 00000000f8002f7e
0x000000c6b15fc580:   000000c6b15fc6d8 00007ff9df6818f6 

Instructions: (pc=0x00007ff99a3e3bf5)
0x00007ff99a3e3bd5:   58 48 8b 74 24 60 48 83 c4 40 5f c3 84 d2 74 60
0x00007ff99a3e3be5:   48 8b 87 c8 00 00 00 44 8b 47 5c 48 8d 4c 24 50
0x00007ff99a3e3bf5:   48 8b 50 10 48 89 4c 24 20 48 8b 48 08 4c 8b ce
0x00007ff99a3e3c05:   e8 16 9e 01 00 85 c0 0f 85 b2 00 00 00 48 8b 4c 


Register to memory mapping:

RAX=0x000015f100000038 is an unknown value
RBX=0x000000c6b15fc600 is pointing into the stack for thread: 0x0000024e5b7ab800
RCX=0x000000c6b15fc4e0 is pointing into the stack for thread: 0x0000024e5b7ab800
RDX=0x0000000000000003 is an unknown value
RSP=0x000000c6b15fc490 is pointing into the stack for thread: 0x0000024e5b7ab800
RBP=0x0000024e5b9b2020 is an unknown value
RSI=0x000000c6b15fc510 is pointing into the stack for thread: 0x0000024e5b7ab800
RDI=0x0000024e3dd693d0 is at entry_point+-368 in (nmethod*)0x0000024e3dd693d0
R8 =0x0000000000000000 is an unknown value
R9 =0x0000024e5b9b2020 is an unknown value
R10=0x00000000000000c8 is an unknown value
R11=0x000000c6b15fc540 is pointing into the stack for thread: 0x0000024e5b7ab800
R12=0x0000000000000000 is an unknown value
R13={method} {0x0000024e5c339ab0} 'detectFaces' '(J[BIIII[Lcom/arcsoft/face/FaceInfo;)I' in 'com/arcsoft/face/FaceEngine'
R14=0x0000024e5b15a6e0 is an unknown value
R15=0x0000000000000201 is an unknown value


Stack: [0x000000c6b1500000,0x000000c6b1600000],  sp=0x000000c6b15fc490,  free space=1009k
Native frames: (J=compiled Java code, j=interpreted, Vv=VM code, C=native code)
C  [libarcsoft_face.dll+0x3bf5]
C  [libarcsoft_face_engine.dll+0x58ca]
C  [libarcsoft_face_engine_jni.dll+0x18f6]
C  0x0000024e3d2c4607

Java frames: (J=compiled Java code, j=interpreted, Vv=VM code)
j  com.arcsoft.face.FaceEngine.detectFaces(J[BIIII[Lcom/arcsoft/face/FaceInfo;)I+0
j  com.arcsoft.face.FaceEngine.detectFaces([BIILcom/arcsoft/face/enums/ImageFormat;Lcom/arcsoft/face/enums/DetectModel;Ljava/util/List;)I+107
j  com.arcsoft.face.FaceEngine.detectFaces([BIILcom/arcsoft/face/enums/ImageFormat;Ljava/util/List;)I+11
j  com.example.springboot.controller.FaceController.getFaceFeature(Lorg/springframework/web/multipart/MultipartFile;I)Lcom/arcsoft/face/FaceFeature;+59
j  com.example.springboot.controller.FaceController.verifyImg(Lorg/springframework/web/multipart/MultipartFile;Ljavax/servlet/http/HttpSession;)Lcom/example/springboot/entity/FaceInfoVo;+5
j  com.example.springboot.controller.FaceController.search(Lorg/springframework/web/multipart/MultipartFile;Ljavax/servlet/http/HttpSession;)Lcom/example/springboot/common/Result;+3
v  ~StubRoutines::call_stub
J 1959  sun.reflect.NativeMethodAccessorImpl.invoke0(Ljava/lang/reflect/Method;Ljava/lang/Object;[Ljava/lang/Object;)Ljava/lang/Object; (0 bytes) @ 0x0000024e3d6d71ff [0x0000024e3d6d7180+0x7f]
J 1958 C1 sun.reflect.NativeMethodAccessorImpl.invoke(Ljava/lang/Object;[Ljava/lang/Object;)Ljava/lang/Object; (104 bytes) @ 0x0000024e3d6d7a1c [0x0000024e3d6d7620+0x3fc]
J 2040 C1 sun.reflect.DelegatingMethodAccessorImpl.invoke(Ljava/lang/Object;[Ljava/lang/Object;)Ljava/lang/Object; (10 bytes) @ 0x0000024e3d706984 [0x0000024e3d706920+0x64]
J 1898 C1 java.lang.reflect.Method.invoke(Ljava/lang/Object;[Ljava/lang/Object;)Ljava/lang/Object; (62 bytes) @ 0x0000024e3d6bd2dc [0x0000024e3d6bd1a0+0x13c]
j  org.springframework.web.method.support.InvocableHandlerMethod.doInvoke([Ljava/lang/Object;)Ljava/lang/Object;+16
j  org.springframework.web.method.support.InvocableHandlerMethod.invokeForRequest(Lorg/springframework/web/context/request/NativeWebRequest;Lorg/springframework/web/method/support/ModelAndViewContainer;[Ljava/lang/Object;)Ljava/lang/Object;+56
j  org.springframework.web.servlet.mvc.method.annotation.ServletInvocableHandlerMethod.invokeAndHandle(Lorg/springframework/web/context/request/ServletWebRequest;Lorg/springframework/web/method/support/ModelAndViewContainer;[Ljava/lang/Object;)V+4
j  org.springframework.web.servlet.mvc.method.annotation.RequestMappingHandlerAdapter.invokeHandlerMethod(Ljavax/servlet/http/HttpServletRequest;Ljavax/servlet/http/HttpServletResponse;Lorg/springframework/web/method/HandlerMethod;)Lorg/springframework/web/servlet/ModelAndView;+244
j  org.springframework.web.servlet.mvc.method.annotation.RequestMappingHandlerAdapter.handleInternal(Ljavax/servlet/http/HttpServletRequest;Ljavax/servlet/http/HttpServletResponse;Lorg/springframework/web/method/HandlerMethod;)Lorg/springframework/web/servlet/ModelAndView;+81
j  org.springframework.web.servlet.mvc.method.AbstractHandlerMethodAdapter.handle(Ljavax/servlet/http/HttpServletRequest;Ljavax/servlet/http/HttpServletResponse;Ljava/lang/Object;)Lorg/springframework/web/servlet/ModelAndView;+7
j  org.springframework.web.servlet.DispatcherServlet.doDispatch(Ljavax/servlet/http/HttpServletRequest;Ljavax/servlet/http/HttpServletResponse;)V+257
j  org.springframework.web.servlet.DispatcherServlet.doService(Ljavax/servlet/http/HttpServletRequest;Ljavax/servlet/http/HttpServletResponse;)V+212
j  org.springframework.web.servlet.FrameworkServlet.processRequest(Ljavax/servlet/http/HttpServletRequest;Ljavax/servlet/http/HttpServletResponse;)V+71
j  org.springframework.web.servlet.FrameworkServlet.doPost(Ljavax/servlet/http/HttpServletRequest;Ljavax/servlet/http/HttpServletResponse;)V+3
j  javax.servlet.http.HttpServlet.service(Ljavax/servlet/http/HttpServletRequest;Ljavax/servlet/http/HttpServletResponse;)V+149
j  org.springframework.web.servlet.FrameworkServlet.service(Ljavax/servlet/http/HttpServletRequest;Ljavax/servlet/http/HttpServletResponse;)V+33
j  javax.servlet.http.HttpServlet.service(Ljavax/servlet/ServletRequest;Ljavax/servlet/ServletResponse;)V+36
j  org.apache.catalina.core.ApplicationFilterChain.internalDoFilter(Ljavax/servlet/ServletRequest;Ljavax/servlet/ServletResponse;)V+304
j  org.apache.catalina.core.ApplicationFilterChain.doFilter(Ljavax/servlet/ServletRequest;Ljavax/servlet/ServletResponse;)V+101
j  org.apache.tomcat.websocket.server.WsFilter.doFilter(Ljavax/servlet/ServletRequest;Ljavax/servlet/ServletResponse;Ljavax/servlet/FilterChain;)V+21
j  org.apache.catalina.core.ApplicationFilterChain.internalDoFilter(Ljavax/servlet/ServletRequest;Ljavax/servlet/ServletResponse;)V+135
j  org.apache.catalina.core.ApplicationFilterChain.doFilter(Ljavax/servlet/ServletRequest;Ljavax/servlet/ServletResponse;)V+101
j  org.springframework.web.filter.CorsFilter.doFilterInternal(Ljavax/servlet/http/HttpServletRequest;Ljavax/servlet/http/HttpServletResponse;Ljavax/servlet/FilterChain;)V+43
j  org.springframework.web.filter.OncePerRequestFilter.doFilter(Ljavax/servlet/ServletRequest;Ljavax/servlet/ServletResponse;Ljavax/servlet/FilterChain;)V+147
j  org.apache.catalina.core.ApplicationFilterChain.internalDoFilter(Ljavax/servlet/ServletRequest;Ljavax/servlet/ServletResponse;)V+135
j  org.apache.catalina.core.ApplicationFilterChain.doFilter(Ljavax/servlet/ServletRequest;Ljavax/servlet/ServletResponse;)V+101
j  org.springframework.web.filter.RequestContextFilter.doFilterInternal(Ljavax/servlet/http/HttpServletRequest;Ljavax/servlet/http/HttpServletResponse;Ljavax/servlet/FilterChain;)V+21
j  org.springframework.web.filter.OncePerRequestFilter.doFilter(Ljavax/servlet/ServletRequest;Ljavax/servlet/ServletResponse;Ljavax/servlet/FilterChain;)V+147
j  org.apache.catalina.core.ApplicationFilterChain.internalDoFilter(Ljavax/servlet/ServletRequest;Ljavax/servlet/ServletResponse;)V+135
j  org.apache.catalina.core.ApplicationFilterChain.doFilter(Ljavax/servlet/ServletRequest;Ljavax/servlet/ServletResponse;)V+101
j  org.springframework.web.filter.FormContentFilter.doFilterInternal(Ljavax/servlet/http/HttpServletRequest;Ljavax/servlet/http/HttpServletResponse;Ljavax/servlet/FilterChain;)V+38
j  org.springframework.web.filter.OncePerRequestFilter.doFilter(Ljavax/servlet/ServletRequest;Ljavax/servlet/ServletResponse;Ljavax/servlet/FilterChain;)V+147
j  org.apache.catalina.core.ApplicationFilterChain.internalDoFilter(Ljavax/servlet/ServletRequest;Ljavax/servlet/ServletResponse;)V+135
j  org.apache.catalina.core.ApplicationFilterChain.doFilter(Ljavax/servlet/ServletRequest;Ljavax/servlet/ServletResponse;)V+101
j  org.springframework.session.web.http.SessionRepositoryFilter.doFilterInternal(Ljavax/servlet/http/HttpServletRequest;Ljavax/servlet/http/HttpServletResponse;Ljavax/servlet/FilterChain;)V+44
j  org.springframework.session.web.http.OncePerRequestFilter.doFilter(Ljavax/servlet/ServletRequest;Ljavax/servlet/ServletResponse;Ljavax/servlet/FilterChain;)V+118
j  org.apache.catalina.core.ApplicationFilterChain.internalDoFilter(Ljavax/servlet/ServletRequest;Ljavax/servlet/ServletResponse;)V+135
j  org.apache.catalina.core.ApplicationFilterChain.doFilter(Ljavax/servlet/ServletRequest;Ljavax/servlet/ServletResponse;)V+101
j  org.springframework.web.filter.CharacterEncodingFilter.doFilterInternal(Ljavax/servlet/http/HttpServletRequest;Ljavax/servlet/http/HttpServletResponse;Ljavax/servlet/FilterChain;)V+53
j  org.springframework.web.filter.OncePerRequestFilter.doFilter(Ljavax/servlet/ServletRequest;Ljavax/servlet/ServletResponse;Ljavax/servlet/FilterChain;)V+147
j  org.apache.catalina.core.ApplicationFilterChain.internalDoFilter(Ljavax/servlet/ServletRequest;Ljavax/servlet/ServletResponse;)V+135
j  org.apache.catalina.core.ApplicationFilterChain.doFilter(Ljavax/servlet/ServletRequest;Ljavax/servlet/ServletResponse;)V+101
j  org.apache.catalina.core.StandardWrapperValve.invoke(Lorg/apache/catalina/connector/Request;Lorg/apache/catalina/connector/Response;)V+694
j  org.apache.catalina.core.StandardContextValve.invoke(Lorg/apache/catalina/connector/Request;Lorg/apache/catalina/connector/Response;)V+166
j  org.apache.catalina.authenticator.AuthenticatorBase.invoke(Lorg/apache/catalina/connector/Request;Lorg/apache/catalina/connector/Response;)V+260
j  org.apache.catalina.core.StandardHostValve.invoke(Lorg/apache/catalina/connector/Request;Lorg/apache/catalina/connector/Response;)V+114
j  org.apache.catalina.valves.ErrorReportValve.invoke(Lorg/apache/catalina/connector/Request;Lorg/apache/catalina/connector/Response;)V+6
j  org.apache.catalina.core.StandardEngineValve.invoke(Lorg/apache/catalina/connector/Request;Lorg/apache/catalina/connector/Response;)V+45
j  org.apache.catalina.connector.CoyoteAdapter.service(Lorg/apache/coyote/Request;Lorg/apache/coyote/Response;)V+199
j  org.apache.coyote.http11.Http11Processor.service(Lorg/apache/tomcat/util/net/SocketWrapperBase;)Lorg/apache/tomcat/util/net/AbstractEndpoint$Handler$SocketState;+784
j  org.apache.coyote.AbstractProcessorLight.process(Lorg/apache/tomcat/util/net/SocketWrapperBase;Lorg/apache/tomcat/util/net/SocketEvent;)Lorg/apache/tomcat/util/net/AbstractEndpoint$Handler$SocketState;+113
j  org.apache.coyote.AbstractProtocol$ConnectionHandler.process(Lorg/apache/tomcat/util/net/SocketWrapperBase;Lorg/apache/tomcat/util/net/SocketEvent;)Lorg/apache/tomcat/util/net/AbstractEndpoint$Handler$SocketState;+442
j  org.apache.tomcat.util.net.NioEndpoint$SocketProcessor.doRun()V+221
j  org.apache.tomcat.util.net.SocketProcessorBase.run()V+21
j  java.util.concurrent.ThreadPoolExecutor.runWorker(Ljava/util/concurrent/ThreadPoolExecutor$Worker;)V+95
j  java.util.concurrent.ThreadPoolExecutor$Worker.run()V+5
j  org.apache.tomcat.util.threads.TaskThread$WrappingRunnable.run()V+4
j  java.lang.Thread.run()V+11
v  ~StubRoutines::call_stub

---------------  P R O C E S S  ---------------

Java Threads: ( => current thread )
  0x0000024e5b8b1000 JavaThread "lettuce-eventExecutorLoop-1-12" daemon [_thread_blocked, id=27016, stack(0x000000c6abf00000,0x000000c6ac000000)]
  0x0000024e5b8ac000 JavaThread "lettuce-eventExecutorLoop-1-11" daemon [_thread_blocked, id=16056, stack(0x000000c6abe00000,0x000000c6abf00000)]
  0x0000024e5b8af800 JavaThread "lettuce-eventExecutorLoop-1-10" daemon [_thread_blocked, id=27452, stack(0x000000c6abd00000,0x000000c6abe00000)]
  0x0000024e5b8a4800 JavaThread "lettuce-eventExecutorLoop-1-9" daemon [_thread_blocked, id=27416, stack(0x000000c6abc00000,0x000000c6abd00000)]
  0x0000024e5b8ab000 JavaThread "HikariPool-1 housekeeper" daemon [_thread_blocked, id=21288, stack(0x000000c6b2200000,0x000000c6b2300000)]
  0x0000024e5b8a3800 JavaThread "Java2D Disposer" daemon [_thread_blocked, id=13992, stack(0x000000c6b2100000,0x000000c6b2200000)]
  0x0000024e5b8a7800 JavaThread "lettuce-eventExecutorLoop-1-8" daemon [_thread_blocked, id=968, stack(0x000000c6b2000000,0x000000c6b2100000)]
  0x0000024e5b8a6000 JavaThread "RMI TCP Connection(idle)" daemon [_thread_blocked, id=3324, stack(0x000000c6b1f00000,0x000000c6b2000000)]
  0x0000024e5b8aa800 JavaThread "RMI TCP Connection(idle)" daemon [_thread_blocked, id=3128, stack(0x000000c6ab200000,0x000000c6ab300000)]
  0x0000024e5b8a8000 JavaThread "DestroyJavaVM" [_thread_blocked, id=2976, stack(0x000000c6a9800000,0x000000c6a9900000)]
  0x0000024e5b8a9000 JavaThread "http-nio-9099-Acceptor" daemon [_thread_in_native, id=5244, stack(0x000000c6b1e00000,0x000000c6b1f00000)]
  0x0000024e5b8a9800 JavaThread "http-nio-9099-ClientPoller" daemon [_thread_in_native, id=3212, stack(0x000000c6b1d00000,0x000000c6b1e00000)]
  0x0000024e5b8a5000 JavaThread "http-nio-9099-exec-10" daemon [_thread_blocked, id=15480, stack(0x000000c6b1c00000,0x000000c6b1d00000)]
  0x0000024e5b8a3000 JavaThread "http-nio-9099-exec-9" daemon [_thread_blocked, id=7872, stack(0x000000c6b1b00000,0x000000c6b1c00000)]
  0x0000024e5b7b8000 JavaThread "http-nio-9099-exec-8" daemon [_thread_blocked, id=18916, stack(0x000000c6b1a00000,0x000000c6b1b00000)]
  0x0000024e5b7b7000 JavaThread "http-nio-9099-exec-7" daemon [_thread_blocked, id=27412, stack(0x000000c6b1900000,0x000000c6b1a00000)]
  0x0000024e5b7b6800 JavaThread "http-nio-9099-exec-6" daemon [_thread_blocked, id=21952, stack(0x000000c6b1800000,0x000000c6b1900000)]
  0x0000024e5b7b5800 JavaThread "http-nio-9099-exec-5" daemon [_thread_blocked, id=22036, stack(0x000000c6b1700000,0x000000c6b1800000)]
  0x0000024e5b7b5000 JavaThread "http-nio-9099-exec-4" daemon [_thread_blocked, id=22664, stack(0x000000c6b1600000,0x000000c6b1700000)]
=>0x0000024e5b7ab800 JavaThread "http-nio-9099-exec-3" daemon [_thread_in_native, id=17548, stack(0x000000c6b1500000,0x000000c6b1600000)]
  0x0000024e5b7ae800 JavaThread "http-nio-9099-exec-2" daemon [_thread_blocked, id=6140, stack(0x000000c6b1400000,0x000000c6b1500000)]
  0x0000024e5b7ab000 JavaThread "http-nio-9099-exec-1" daemon [_thread_blocked, id=21880, stack(0x000000c6b1300000,0x000000c6b1400000)]
  0x0000024e5b7b2000 JavaThread "http-nio-9099-BlockPoller" daemon [_thread_in_native, id=4816, stack(0x000000c6b0c00000,0x000000c6b0d00000)]
  0x0000024e5b7b0800 JavaThread "pool-1-thread-1" [_thread_blocked, id=26680, stack(0x000000c6b0a00000,0x000000c6b0b00000)]
  0x0000024e5b7b4000 JavaThread "lettuce-eventExecutorLoop-1-7" daemon [_thread_blocked, id=11568, stack(0x000000c6b1200000,0x000000c6b1300000)]
  0x0000024e5b7b2800 JavaThread "RMI TCP Connection(idle)" daemon [_thread_blocked, id=6240, stack(0x000000c6b1100000,0x000000c6b1200000)]
  0x0000024e5b7b1000 JavaThread "lettuce-eventExecutorLoop-1-6" daemon [_thread_blocked, id=16716, stack(0x000000c6b1000000,0x000000c6b1100000)]
  0x0000024e5b7b3800 JavaThread "lettuce-eventExecutorLoop-1-5" daemon [_thread_blocked, id=26776, stack(0x000000c6b0f00000,0x000000c6b1000000)]
  0x0000024e5b7af800 JavaThread "lettuce-eventExecutorLoop-1-4" daemon [_thread_blocked, id=9072, stack(0x000000c6b0e00000,0x000000c6b0f00000)]
  0x0000024e5b7a9800 JavaThread "lettuce-nioEventLoop-4-2" daemon [_thread_in_native, id=3296, stack(0x000000c6b0d00000,0x000000c6b0e00000)]
  0x0000024e5b7aa000 JavaThread "Live Reload Server" daemon [_thread_in_native, id=3792, stack(0x000000c6b0b00000,0x000000c6b0c00000)]
  0x0000024e5b7ae000 JavaThread "File Watcher" daemon [_thread_blocked, id=8336, stack(0x000000c6b0900000,0x000000c6b0a00000)]
  0x0000024e5b7ad000 JavaThread "lettuce-eventExecutorLoop-1-3" daemon [_thread_blocked, id=8828, stack(0x000000c6b0800000,0x000000c6b0900000)]
  0x0000024e5b7ac800 JavaThread "lettuce-eventExecutorLoop-1-2" daemon [_thread_blocked, id=8272, stack(0x000000c6b0700000,0x000000c6b0800000)]
  0x0000024e5b7a8800 JavaThread "lettuce-eventExecutorLoop-1-1" daemon [_thread_blocked, id=26812, stack(0x000000c6b0600000,0x000000c6b0700000)]
  0x0000024e5814d800 JavaThread "lettuce-nioEventLoop-4-1" daemon [_thread_in_native, id=27524, stack(0x000000c6b0400000,0x000000c6b0500000)]
  0x0000024e5814e000 JavaThread "RMI TCP Connection(idle)" daemon [_thread_blocked, id=2240, stack(0x000000c6b0300000,0x000000c6b0400000)]
  0x0000024e5814c800 JavaThread "RMI TCP Connection(idle)" daemon [_thread_blocked, id=15436, stack(0x000000c6aba00000,0x000000c6abb00000)]
  0x0000024e5afee000 JavaThread "mysql-cj-abandoned-connection-cleanup" daemon [_thread_blocked, id=4308, stack(0x000000c6ab900000,0x000000c6aba00000)]
  0x0000024e5802b800 JavaThread "container-0" [_thread_blocked, id=736, stack(0x000000c6ab800000,0x000000c6ab900000)]
  0x0000024e5af89000 JavaThread "Catalina-utility-2" [_thread_blocked, id=22532, stack(0x000000c6ab700000,0x000000c6ab800000)]
  0x0000024e5802a800 JavaThread "Catalina-utility-1" [_thread_blocked, id=21956, stack(0x000000c6ab400000,0x000000c6ab500000)]
  0x0000024e579db000 JavaThread "RMI Scheduler(0)" daemon [_thread_blocked, id=22636, stack(0x000000c6ab600000,0x000000c6ab700000)]
  0x0000024e579e0800 JavaThread "RMI TCP Connection(idle)" daemon [_thread_blocked, id=21728, stack(0x000000c6ab500000,0x000000c6ab600000)]
  0x0000024e5838d800 JavaThread "RMI TCP Accept-0" daemon [_thread_in_native, id=172, stack(0x000000c6ab000000,0x000000c6ab100000)]
  0x0000024e57868000 JavaThread "Service Thread" daemon [_thread_blocked, id=6084, stack(0x000000c6aaf00000,0x000000c6ab000000)]
  0x0000024e577cd000 JavaThread "C1 CompilerThread3" daemon [_thread_blocked, id=6640, stack(0x000000c6aae00000,0x000000c6aaf00000)]
  0x0000024e577c3800 JavaThread "C2 CompilerThread2" daemon [_thread_blocked, id=27588, stack(0x000000c6aad00000,0x000000c6aae00000)]
  0x0000024e577c3000 JavaThread "C2 CompilerThread1" daemon [_thread_blocked, id=22336, stack(0x000000c6aac00000,0x000000c6aad00000)]
  0x0000024e577bd000 JavaThread "C2 CompilerThread0" daemon [_thread_blocked, id=12096, stack(0x000000c6aab00000,0x000000c6aac00000)]
  0x0000024e577ae000 JavaThread "JDWP Command Reader" daemon [_thread_in_native, id=456, stack(0x000000c6aaa00000,0x000000c6aab00000)]
  0x0000024e577a8800 JavaThread "JDWP Event Helper Thread" daemon [_thread_blocked, id=15072, stack(0x000000c6aa900000,0x000000c6aaa00000)]
  0x0000024e577a3000 JavaThread "JDWP Transport Listener: dt_socket" daemon [_thread_blocked, id=16212, stack(0x000000c6aa800000,0x000000c6aa900000)]
  0x0000024e554ed000 JavaThread "Attach Listener" daemon [_thread_blocked, id=11112, stack(0x000000c6aa700000,0x000000c6aa800000)]
  0x0000024e57783000 JavaThread "Signal Dispatcher" daemon [_thread_blocked, id=24052, stack(0x000000c6aa600000,0x000000c6aa700000)]
  0x0000024e3b996800 JavaThread "Finalizer" daemon [_thread_blocked, id=15828, stack(0x000000c6aa500000,0x000000c6aa600000)]
  0x0000024e554ca000 JavaThread "Reference Handler" daemon [_thread_blocked, id=22936, stack(0x000000c6aa400000,0x000000c6aa500000)]

Other Threads:
  0x0000024e554a2800 VMThread [stack: 0x000000c6aa300000,0x000000c6aa400000] [id=23940]
  0x0000024e583a1800 WatcherThread [stack: 0x000000c6ab100000,0x000000c6ab200000] [id=18704]

VM state:not at safepoint (normal execution)

VM Mutex/Monitor currently owned by a thread: None

heap address: 0x00000006e2400000, size: 3548 MB, Compressed Oops mode: Zero based, Oop shift amount: 3
Narrow klass base: 0x0000000000000000, Narrow klass shift: 3
Compressed class space size: 1073741824 Address: 0x00000007c0000000

Heap:
 PSYoungGen      total 238592K, used 62153K [0x0000000776180000, 0x0000000787900000, 0x00000007c0000000)
  eden space 223744K, 27% used [0x0000000776180000,0x0000000779e32520,0x0000000783c00000)
  from space 14848K, 0% used [0x0000000784d00000,0x0000000784d00000,0x0000000785b80000)
  to   space 17408K, 0% used [0x0000000783c00000,0x0000000783c00000,0x0000000784d00000)
 ParOldGen       total 207872K, used 28501K [0x00000006e2400000, 0x00000006eef00000, 0x0000000776180000)
  object space 207872K, 13% used [0x00000006e2400000,0x00000006e3fd5598,0x00000006eef00000)
 Metaspace       used 58662K, capacity 61929K, committed 62208K, reserved 1103872K
  class space    used 7582K, capacity 8170K, committed 8192K, reserved 1048576K

Card table byte_map: [0x0000024e4c660000,0x0000024e4cd50000] byte_map_base: 0x0000024e48f4e000

Marking Bits: (ParMarkBitMap*) 0x0000000052707fe0
 Begin Bits: [0x0000024e4d1f0000, 0x0000024e50960000)
 End Bits:   [0x0000024e50960000, 0x0000024e540d0000)

Polling page: 0x0000024e3d270000

CodeCache: size=245760Kb used=11059Kb max_used=11071Kb free=234700Kb
 bounds [0x0000024e3d2a0000, 0x0000024e3dd80000, 0x0000024e4c2a0000]
 total_blobs=6252 nmethods=5548 adapters=623
 compilation: enabled

Compilation events (10 events):
Event: 51.110 Thread 0x0000024e577cd000 5645       1       java.util.concurrent.ConcurrentHashMap::put (8 bytes)
Event: 51.110 Thread 0x0000024e577cd000 nmethod 5645 0x0000024e3dd711d0 code [0x0000024e3dd71320, 0x0000024e3dd71470]
Event: 65.785 Thread 0x0000024e577cd000 5646       1       java.util.concurrent.ScheduledThreadPoolExecutor$DelayedWorkQueue::setIndex (16 bytes)
Event: 65.785 Thread 0x0000024e577cd000 nmethod 5646 0x0000024e3dd71510 code [0x0000024e3dd71660, 0x0000024e3dd717f8]
Event: 65.785 Thread 0x0000024e577cd000 5648       1       java.util.concurrent.ThreadPoolExecutor::runStateOf (5 bytes)
Event: 65.785 Thread 0x0000024e577cd000 nmethod 5648 0x0000024e3d3caf50 code [0x0000024e3d3cb0a0, 0x0000024e3d3cb198]
Event: 65.785 Thread 0x0000024e577cd000 5649       1       java.util.concurrent.locks.LockSupport::setBlocker (12 bytes)
Event: 65.785 Thread 0x0000024e577cd000 nmethod 5649 0x0000024e3d3cac90 code [0x0000024e3d3cade0, 0x0000024e3d3caef8]
Event: 65.785 Thread 0x0000024e577cd000 5647       1       java.util.concurrent.ThreadPoolExecutor::workerCountOf (5 bytes)
Event: 65.785 Thread 0x0000024e577cd000 nmethod 5647 0x0000024e3d3ca9d0 code [0x0000024e3d3cab20, 0x0000024e3d3cac18]

GC Heap History (10 events):
Event: 2.889 GC heap before
{Heap before GC invocations=9 (full 2):
 PSYoungGen      total 150528K, used 8849K [0x0000000776180000, 0x0000000784d00000, 0x00000007c0000000)
  eden space 137728K, 0% used [0x0000000776180000,0x0000000776180000,0x000000077e800000)
  from space 12800K, 69% used [0x000000077e800000,0x000000077f0a4678,0x000000077f480000)
  to   space 12288K, 0% used [0x0000000784100000,0x0000000784100000,0x0000000784d00000)
 ParOldGen       total 91136K, used 10016K [0x00000006e2400000, 0x00000006e7d00000, 0x0000000776180000)
  object space 91136K, 10% used [0x00000006e2400000,0x00000006e2dc80e8,0x00000006e7d00000)
 Metaspace       used 33402K, capacity 35337K, committed 35496K, reserved 1079296K
  class space    used 4482K, capacity 4864K, committed 4864K, reserved 1048576K
Event: 2.942 GC heap after
Heap after GC invocations=9 (full 2):
 PSYoungGen      total 150528K, used 0K [0x0000000776180000, 0x0000000784d00000, 0x00000007c0000000)
  eden space 137728K, 0% used [0x0000000776180000,0x0000000776180000,0x000000077e800000)
  from space 12800K, 0% used [0x000000077e800000,0x000000077e800000,0x000000077f480000)
  to   space 12288K, 0% used [0x0000000784100000,0x0000000784100000,0x0000000784d00000)
 ParOldGen       total 142848K, used 13890K [0x00000006e2400000, 0x00000006eaf80000, 0x0000000776180000)
  object space 142848K, 9% used [0x00000006e2400000,0x00000006e3190908,0x00000006eaf80000)
 Metaspace       used 33402K, capacity 35337K, committed 35496K, reserved 1079296K
  class space    used 4482K, capacity 4864K, committed 4864K, reserved 1048576K
}
Event: 3.860 GC heap before
{Heap before GC invocations=10 (full 2):
 PSYoungGen      total 150528K, used 137728K [0x0000000776180000, 0x0000000784d00000, 0x00000007c0000000)
  eden space 137728K, 100% used [0x0000000776180000,0x000000077e800000,0x000000077e800000)
  from space 12800K, 0% used [0x000000077e800000,0x000000077e800000,0x000000077f480000)
  to   space 12288K, 0% used [0x0000000784100000,0x0000000784100000,0x0000000784d00000)
 ParOldGen       total 142848K, used 13890K [0x00000006e2400000, 0x00000006eaf80000, 0x0000000776180000)
  object space 142848K, 9% used [0x00000006e2400000,0x00000006e3190908,0x00000006eaf80000)
 Metaspace       used 39760K, capacity 42145K, committed 42368K, reserved 1085440K
  class space    used 5316K, capacity 5753K, committed 5760K, reserved 1048576K
Event: 3.865 GC heap after
Heap after GC invocations=10 (full 2):
 PSYoungGen      total 196608K, used 6421K [0x0000000776180000, 0x0000000784780000, 0x00000007c0000000)
  eden space 189952K, 0% used [0x0000000776180000,0x0000000776180000,0x0000000781b00000)
  from space 6656K, 96% used [0x0000000784100000,0x0000000784745400,0x0000000784780000)
  to   space 12288K, 0% used [0x0000000782f80000,0x0000000782f80000,0x0000000783b80000)
 ParOldGen       total 142848K, used 13962K [0x00000006e2400000, 0x00000006eaf80000, 0x0000000776180000)
  object space 142848K, 9% used [0x00000006e2400000,0x00000006e31a2918,0x00000006eaf80000)
 Metaspace       used 39760K, capacity 42145K, committed 42368K, reserved 1085440K
  class space    used 5316K, capacity 5753K, committed 5760K, reserved 1048576K
}
Event: 13.570 GC heap before
{Heap before GC invocations=11 (full 2):
 PSYoungGen      total 196608K, used 196373K [0x0000000776180000, 0x0000000784780000, 0x00000007c0000000)
  eden space 189952K, 100% used [0x0000000776180000,0x0000000781b00000,0x0000000781b00000)
  from space 6656K, 96% used [0x0000000784100000,0x0000000784745400,0x0000000784780000)
  to   space 12288K, 0% used [0x0000000782f80000,0x0000000782f80000,0x0000000783b80000)
 ParOldGen       total 142848K, used 13962K [0x00000006e2400000, 0x00000006eaf80000, 0x0000000776180000)
  object space 142848K, 9% used [0x00000006e2400000,0x00000006e31a2918,0x00000006eaf80000)
 Metaspace       used 47301K, capacity 50345K, committed 50688K, reserved 1093632K
  class space    used 6281K, capacity 6822K, committed 6912K, reserved 1048576K
Event: 13.580 GC heap after
Heap after GC invocations=11 (full 2):
 PSYoungGen      total 223232K, used 12271K [0x0000000776180000, 0x0000000785b80000, 0x00000007c0000000)
  eden space 210944K, 0% used [0x0000000776180000,0x0000000776180000,0x0000000782f80000)
  from space 12288K, 99% used [0x0000000782f80000,0x0000000783b7bf40,0x0000000783b80000)
  to   space 14848K, 0% used [0x0000000784d00000,0x0000000784d00000,0x0000000785b80000)
 ParOldGen       total 142848K, used 16948K [0x00000006e2400000, 0x00000006eaf80000, 0x0000000776180000)
  object space 142848K, 11% used [0x00000006e2400000,0x00000006e348d100,0x00000006eaf80000)
 Metaspace       used 47301K, capacity 50345K, committed 50688K, reserved 1093632K
  class space    used 6281K, capacity 6822K, committed 6912K, reserved 1048576K
}
Event: 14.376 GC heap before
{Heap before GC invocations=12 (full 2):
 PSYoungGen      total 223232K, used 81003K [0x0000000776180000, 0x0000000785b80000, 0x00000007c0000000)
  eden space 210944K, 32% used [0x0000000776180000,0x000000077a49efb8,0x0000000782f80000)
  from space 12288K, 99% used [0x0000000782f80000,0x0000000783b7bf40,0x0000000783b80000)
  to   space 14848K, 0% used [0x0000000784d00000,0x0000000784d00000,0x0000000785b80000)
 ParOldGen       total 142848K, used 16948K [0x00000006e2400000, 0x00000006eaf80000, 0x0000000776180000)
  object space 142848K, 11% used [0x00000006e2400000,0x00000006e348d100,0x00000006eaf80000)
 Metaspace       used 55854K, capacity 58901K, committed 59136K, reserved 1099776K
  class space    used 7256K, capacity 7830K, committed 7936K, reserved 1048576K
Event: 14.385 GC heap after
Heap after GC invocations=12 (full 2):
 PSYoungGen      total 238592K, used 14819K [0x0000000776180000, 0x0000000787900000, 0x00000007c0000000)
  eden space 223744K, 0% used [0x0000000776180000,0x0000000776180000,0x0000000783c00000)
  from space 14848K, 99% used [0x0000000784d00000,0x0000000785b78ca8,0x0000000785b80000)
  to   space 17408K, 0% used [0x0000000783c00000,0x0000000783c00000,0x0000000784d00000)
 ParOldGen       total 142848K, used 20018K [0x00000006e2400000, 0x00000006eaf80000, 0x0000000776180000)
  object space 142848K, 14% used [0x00000006e2400000,0x00000006e378c918,0x00000006eaf80000)
 Metaspace       used 55854K, capacity 58901K, committed 59136K, reserved 1099776K
  class space    used 7256K, capacity 7830K, committed 7936K, reserved 1048576K
}
Event: 14.385 GC heap before
{Heap before GC invocations=13 (full 3):
 PSYoungGen      total 238592K, used 14819K [0x0000000776180000, 0x0000000787900000, 0x00000007c0000000)
  eden space 223744K, 0% used [0x0000000776180000,0x0000000776180000,0x0000000783c00000)
  from space 14848K, 99% used [0x0000000784d00000,0x0000000785b78ca8,0x0000000785b80000)
  to   space 17408K, 0% used [0x0000000783c00000,0x0000000783c00000,0x0000000784d00000)
 ParOldGen       total 142848K, used 20018K [0x00000006e2400000, 0x00000006eaf80000, 0x0000000776180000)
  object space 142848K, 14% used [0x00000006e2400000,0x00000006e378c918,0x00000006eaf80000)
 Metaspace       used 55854K, capacity 58901K, committed 59136K, reserved 1099776K
  class space    used 7256K, capacity 7830K, committed 7936K, reserved 1048576K
Event: 14.483 GC heap after
Heap after GC invocations=13 (full 3):
 PSYoungGen      total 238592K, used 0K [0x0000000776180000, 0x0000000787900000, 0x00000007c0000000)
  eden space 223744K, 0% used [0x0000000776180000,0x0000000776180000,0x0000000783c00000)
  from space 14848K, 0% used [0x0000000784d00000,0x0000000784d00000,0x0000000785b80000)
  to   space 17408K, 0% used [0x0000000783c00000,0x0000000783c00000,0x0000000784d00000)
 ParOldGen       total 207872K, used 28501K [0x00000006e2400000, 0x00000006eef00000, 0x0000000776180000)
  object space 207872K, 13% used [0x00000006e2400000,0x00000006e3fd5598,0x00000006eef00000)
 Metaspace       used 55812K, capacity 58835K, committed 59136K, reserved 1099776K
  class space    used 7250K, capacity 7819K, committed 7936K, reserved 1048576K
}

Deoptimization events (0 events):
No events

Classes redefined (0 events):
No events

Internal exceptions (10 events):
Event: 19.294 Thread 0x0000024e5b7ab000 Exception <a 'java/lang/ArrayIndexOutOfBoundsException'> (0x0000000777f322d8) thrown at [C:\jenkins\workspace\8-2-build-windows-amd64-cygwin\jdk8u271\605\hotspot\src\share\vm\runtime\sharedRuntime.cpp, line 609]
Event: 19.295 Thread 0x0000024e5b7ab000 Exception <a 'java/lang/ArrayIndexOutOfBoundsException'> (0x0000000777f3b030) thrown at [C:\jenkins\workspace\8-2-build-windows-amd64-cygwin\jdk8u271\605\hotspot\src\share\vm\runtime\sharedRuntime.cpp, line 609]
Event: 19.295 Thread 0x0000024e5b7ab000 Exception <a 'java/lang/ArrayIndexOutOfBoundsException'> (0x0000000777f3c4f8) thrown at [C:\jenkins\workspace\8-2-build-windows-amd64-cygwin\jdk8u271\605\hotspot\src\share\vm\runtime\sharedRuntime.cpp, line 609]
Event: 19.300 Thread 0x0000024e5b7ab000 Exception <a 'java/lang/ArrayIndexOutOfBoundsException'> (0x0000000778132368) thrown at [C:\jenkins\workspace\8-2-build-windows-amd64-cygwin\jdk8u271\605\hotspot\src\share\vm\runtime\sharedRuntime.cpp, line 609]
Event: 19.308 Thread 0x0000024e5b7ab000 Exception <a 'java/lang/ArrayIndexOutOfBoundsException'> (0x00000007782d3fb8) thrown at [C:\jenkins\workspace\8-2-build-windows-amd64-cygwin\jdk8u271\605\hotspot\src\share\vm\runtime\sharedRuntime.cpp, line 609]
Event: 19.308 Thread 0x0000024e5b7ab000 Exception <a 'java/lang/ArrayIndexOutOfBoundsException'> (0x00000007782d4b30) thrown at [C:\jenkins\workspace\8-2-build-windows-amd64-cygwin\jdk8u271\605\hotspot\src\share\vm\runtime\sharedRuntime.cpp, line 609]
Event: 19.308 Thread 0x0000024e5b7ab000 Exception <a 'java/lang/ArrayIndexOutOfBoundsException'> (0x00000007782d5e48) thrown at [C:\jenkins\workspace\8-2-build-windows-amd64-cygwin\jdk8u271\605\hotspot\src\share\vm\runtime\sharedRuntime.cpp, line 609]
Event: 19.308 Thread 0x0000024e5b7ab000 Exception <a 'java/lang/ArrayIndexOutOfBoundsException'> (0x00000007782d6eb0) thrown at [C:\jenkins\workspace\8-2-build-windows-amd64-cygwin\jdk8u271\605\hotspot\src\share\vm\runtime\sharedRuntime.cpp, line 609]
Event: 19.316 Thread 0x0000024e5b7ab000 Exception <a 'java/lang/ArrayIndexOutOfBoundsException'> (0x000000077852ff88) thrown at [C:\jenkins\workspace\8-2-build-windows-amd64-cygwin\jdk8u271\605\hotspot\src\share\vm\runtime\sharedRuntime.cpp, line 609]
Event: 19.316 Thread 0x0000024e5b7ab000 Exception <a 'java/lang/ArrayIndexOutOfBoundsException'> (0x0000000778531cd8) thrown at [C:\jenkins\workspace\8-2-build-windows-amd64-cygwin\jdk8u271\605\hotspot\src\share\vm\runtime\sharedRuntime.cpp, line 609]

Events (10 events):
Event: 65.784 Executing VM operation: ChangeSingleStep
Event: 65.784 Executing VM operation: ChangeSingleStep done
Event: 65.785 Thread 0x0000024e577cd000 flushing nmethod 0x0000024e3d3ca890
Event: 65.785 Thread 0x0000024e577cd000 flushing nmethod 0x0000024e3d3cae90
Event: 65.785 Thread 0x0000024e577cd000 flushing nmethod 0x0000024e3d4f1290
Event: 65.785 Thread 0x0000024e577cd000 flushing nmethod 0x0000024e3d523a10
Event: 65.785 Thread 0x0000024e577cd000 flushing nmethod 0x0000024e3d524a50
Event: 65.786 Thread 0x0000024e577cd000 flushing nmethod 0x0000024e3d564f10
Event: 65.786 Thread 0x0000024e577cd000 flushing nmethod 0x0000024e3d5a04d0
Event: 65.786 Thread 0x0000024e577cd000 flushing nmethod 0x0000024e3d5a0f90


Dynamic libraries:
0x00007ff7be760000 - 0x00007ff7be7a7000 	D:\jdk8\bin\java.exe
0x00007ffa06e10000 - 0x00007ffa07008000 	C:\Windows\SYSTEM32\ntdll.dll
0x00007ffa063e0000 - 0x00007ffa0649d000 	C:\Windows\System32\KERNEL32.DLL
0x00007ffa04630000 - 0x00007ffa04926000 	C:\Windows\System32\KERNELBASE.dll
0x00007ffa05870000 - 0x00007ffa05920000 	C:\Windows\System32\ADVAPI32.dll
0x00007ffa05af0000 - 0x00007ffa05b8e000 	C:\Windows\System32\msvcrt.dll
0x00007ffa062e0000 - 0x00007ffa06380000 	C:\Windows\System32\sechost.dll
0x00007ffa05c70000 - 0x00007ffa05d93000 	C:\Windows\System32\RPCRT4.dll
0x00007ffa04e20000 - 0x00007ffa04e47000 	C:\Windows\System32\bcrypt.dll
0x00007ffa06c10000 - 0x00007ffa06daf000 	C:\Windows\System32\USER32.dll
0x00007ffa04df0000 - 0x00007ffa04e12000 	C:\Windows\System32\win32u.dll
0x00007ffa051b0000 - 0x00007ffa051db000 	C:\Windows\System32\GDI32.dll
0x00007ffa04ae0000 - 0x00007ffa04bf7000 	C:\Windows\System32\gdi32full.dll
0x00007ffa04590000 - 0x00007ffa0462d000 	C:\Windows\System32\msvcp_win.dll
0x00007ffa04930000 - 0x00007ffa04a30000 	C:\Windows\System32\ucrtbase.dll
0x00007ff9f5410000 - 0x00007ff9f56aa000 	C:\Windows\WinSxS\amd64_microsoft.windows.common-controls_6595b64144ccf1df_6.0.19041.4355_none_60b8b9eb71f62e16\COMCTL32.dll
0x00007ffa056f0000 - 0x00007ffa0571f000 	C:\Windows\System32\IMM32.DLL
0x00007ff9fef40000 - 0x00007ff9fef55000 	D:\jdk8\jre\bin\vcruntime140.dll
0x00007ff9feea0000 - 0x00007ff9fef3b000 	D:\jdk8\jre\bin\msvcp140.dll
0x0000000051f10000 - 0x000000005277f000 	D:\jdk8\jre\bin\server\jvm.dll
0x00007ffa05b90000 - 0x00007ffa05b98000 	C:\Windows\System32\PSAPI.DLL
0x00007ff9f8ca0000 - 0x00007ff9f8cc7000 	C:\Windows\SYSTEM32\WINMM.dll
0x00007ff9ea190000 - 0x00007ff9ea199000 	C:\Windows\SYSTEM32\WSOCK32.dll
0x00007ff9fbca0000 - 0x00007ff9fbcaa000 	C:\Windows\SYSTEM32\VERSION.dll
0x00007ffa05ba0000 - 0x00007ffa05c0b000 	C:\Windows\System32\WS2_32.dll
0x00007ffa02ce0000 - 0x00007ffa02cf2000 	C:\Windows\SYSTEM32\kernel.appcore.dll
0x00007ff9fee90000 - 0x00007ff9feea0000 	D:\jdk8\jre\bin\verify.dll
0x00007ff9fee60000 - 0x00007ff9fee8b000 	D:\jdk8\jre\bin\java.dll
0x00007ff9f5280000 - 0x00007ff9f52b6000 	D:\jdk8\jre\bin\jdwp.dll
0x00007ff9fee10000 - 0x00007ff9fee19000 	D:\jdk8\jre\bin\npt.dll
0x00007ff9f5250000 - 0x00007ff9f5280000 	D:\jdk8\jre\bin\instrument.dll
0x00007ff9fee40000 - 0x00007ff9fee58000 	D:\jdk8\jre\bin\zip.dll
0x00007ffa064a0000 - 0x00007ffa06c0c000 	C:\Windows\System32\SHELL32.dll
0x00007ffa021f0000 - 0x00007ffa0298d000 	C:\Windows\SYSTEM32\windows.storage.dll
0x00007ffa051e0000 - 0x00007ffa05533000 	C:\Windows\System32\combase.dll
0x00007ffa03e20000 - 0x00007ffa03e4e000 	C:\Windows\SYSTEM32\Wldp.dll
0x00007ffa06210000 - 0x00007ffa062dd000 	C:\Windows\System32\OLEAUT32.dll
0x00007ffa04fe0000 - 0x00007ffa0508d000 	C:\Windows\System32\SHCORE.dll
0x00007ffa06380000 - 0x00007ffa063d5000 	C:\Windows\System32\shlwapi.dll
0x00007ffa04400000 - 0x00007ffa04424000 	C:\Windows\SYSTEM32\profapi.dll
0x00007ff9fde00000 - 0x00007ff9fde0a000 	D:\jdk8\jre\bin\dt_socket.dll
0x00007ffa03b80000 - 0x00007ffa03bea000 	C:\Windows\system32\mswsock.dll
0x00007ff9fee20000 - 0x00007ff9fee3c000 	D:\jdk8\jre\bin\net.dll
0x00007ffa038a0000 - 0x00007ffa0396a000 	C:\Windows\SYSTEM32\DNSAPI.dll
0x00007ffa03860000 - 0x00007ffa0389b000 	C:\Windows\SYSTEM32\IPHLPAPI.DLL
0x00007ffa06dc0000 - 0x00007ffa06dc8000 	C:\Windows\System32\NSI.dll
0x00007ff9fd140000 - 0x00007ff9fd14a000 	C:\Windows\System32\rasadhlp.dll
0x00007ff9f1920000 - 0x00007ff9f19a0000 	C:\Windows\System32\fwpuclnt.dll
0x00007ff9fd3b0000 - 0x00007ff9fd3bd000 	D:\jdk8\jre\bin\management.dll
0x00007ff9fbef0000 - 0x00007ff9fbf03000 	D:\jdk8\jre\bin\nio.dll
0x00007ffa03d70000 - 0x00007ffa03d88000 	C:\Windows\SYSTEM32\CRYPTSP.dll
0x00007ffa034a0000 - 0x00007ffa034d4000 	C:\Windows\system32\rsaenh.dll
0x00007ffa043b0000 - 0x00007ffa043de000 	C:\Windows\SYSTEM32\USERENV.dll
0x00007ffa04d60000 - 0x00007ffa04de2000 	C:\Windows\System32\bcryptprimitives.dll
0x00007ffa03d90000 - 0x00007ffa03d9c000 	C:\Windows\SYSTEM32\CRYPTBASE.dll
0x00007ff9fbc60000 - 0x00007ff9fbc77000 	C:\Windows\SYSTEM32\dhcpcsvc6.DLL
0x00007ff9fd120000 - 0x00007ff9fd13d000 	C:\Windows\SYSTEM32\dhcpcsvc.DLL
0x00007ff9eaf00000 - 0x00007ff9eaf17000 	C:\Windows\system32\napinsp.dll
0x00007ff9e73d0000 - 0x00007ff9e73eb000 	C:\Windows\system32\pnrpnsp.dll
0x00007ffa00c40000 - 0x00007ffa00c55000 	C:\Windows\system32\wshbth.dll
0x00007ff9fedf0000 - 0x00007ff9fee0d000 	C:\Windows\system32\NLAapi.dll
0x00007ff9e6200000 - 0x00007ff9e6212000 	C:\Windows\System32\winrnr.dll
0x00007ff99a3e0000 - 0x00007ff99d21d000 	G:\code\Course_Design\springboot\lib\WIN64\libarcsoft_face.dll
0x00007ff9dfab0000 - 0x00007ff9dfb56000 	C:\Windows\SYSTEM32\MSVCP120.dll
0x00007ff9f5160000 - 0x00007ff9f524f000 	C:\Windows\SYSTEM32\MSVCR120.dll
0x00007ff9cacc0000 - 0x00007ff9cad3f000 	G:\code\Course_Design\springboot\lib\WIN64\libarcsoft_face_engine.dll
0x00007ffa05a90000 - 0x00007ffa05aed000 	C:\Windows\System32\WLDAP32.dll
0x00007ff9df680000 - 0x00007ff9df6a5000 	G:\code\Course_Design\springboot\lib\WIN64\libarcsoft_face_engine_jni.dll
0x00007ff9b1040000 - 0x00007ff9b11d4000 	D:\jdk8\jre\bin\awt.dll
0x00007ffa00bb0000 - 0x00007ffa00c40000 	C:\Windows\SYSTEM32\apphelp.dll
0x00007ff9df640000 - 0x00007ff9df67f000 	D:\jdk8\jre\bin\lcms.dll
0x00007ffa01f00000 - 0x00007ffa01f2f000 	C:\Windows\system32\DWMAPI.DLL
0x00007ffa01ab0000 - 0x00007ffa01b4e000 	C:\Windows\system32\uxtheme.dll
0x00007ff9ca770000 - 0x00007ff9ca794000 	D:\jdk8\jre\bin\sunec.dll
0x00007ff9fbee0000 - 0x00007ff9fbeed000 	D:\jdk8\jre\bin\sunmscapi.dll
0x00007ffa04c00000 - 0x00007ffa04d5e000 	C:\Windows\System32\CRYPT32.dll
0x00007ffa03e90000 - 0x00007ffa03eb9000 	C:\Windows\SYSTEM32\ncrypt.dll
0x00007ffa03e50000 - 0x00007ffa03e8b000 	C:\Windows\SYSTEM32\NTASN1.dll
0x00007ffa02ad0000 - 0x00007ffa02cb4000 	C:\Windows\SYSTEM32\dbghelp.dll

VM Arguments:
jvm_args: -agentlib:jdwp=transport=dt_socket,address=127.0.0.1:11969,suspend=y,server=n -XX:TieredStopAtLevel=1 -Xverify:none -Dspring.output.ansi.enabled=always -Dcom.sun.management.jmxremote -Dspring.jmx.enabled=true -Dspring.liveBeansView.mbeanDomain -Dspring.application.admin.enabled=true -javaagent:C:\Users\lenovo\AppData\Local\JetBrains\IntelliJIdea2021.3\captureAgent\debugger-agent.jar -Dfile.encoding=UTF-8 
java_command: com.example.springboot.SpringbootApplication
java_class_path (initial): D:\jdk8\jre\lib\charsets.jar;D:\jdk8\jre\lib\deploy.jar;D:\jdk8\jre\lib\ext\access-bridge-64.jar;D:\jdk8\jre\lib\ext\cldrdata.jar;D:\jdk8\jre\lib\ext\dnsns.jar;D:\jdk8\jre\lib\ext\jaccess.jar;D:\jdk8\jre\lib\ext\jfxrt.jar;D:\jdk8\jre\lib\ext\localedata.jar;D:\jdk8\jre\lib\ext\nashorn.jar;D:\jdk8\jre\lib\ext\sunec.jar;D:\jdk8\jre\lib\ext\sunjce_provider.jar;D:\jdk8\jre\lib\ext\sunmscapi.jar;D:\jdk8\jre\lib\ext\sunpkcs11.jar;D:\jdk8\jre\lib\ext\zipfs.jar;D:\jdk8\jre\lib\javaws.jar;D:\jdk8\jre\lib\jce.jar;D:\jdk8\jre\lib\jfr.jar;D:\jdk8\jre\lib\jfxswt.jar;D:\jdk8\jre\lib\jsse.jar;D:\jdk8\jre\lib\management-agent.jar;D:\jdk8\jre\lib\plugin.jar;D:\jdk8\jre\lib\resources.jar;D:\jdk8\jre\lib\rt.jar;G:\code\Course_Design\springboot\target\classes;D:\IntelliJ IDEA 2021.3.2\plugins\maven\lib\maven3\mvn_repository\com\yucongming\yucongming-java-sdk\0.0.2\yucongming-java-sdk-0.0.2.jar;D:\IntelliJ IDEA 2021.3.2\plugins\maven\lib\maven3\mvn_repository\org\springframework\boot\spring-boot-starter\2.2.1.RELEASE\spring-boot-starter-2.2.1.RELEASE.jar;D:\IntelliJ IDEA 2021.3.2\plugins\maven\lib\maven3\mvn_repository\org\springframework\boot\spring-boot-starter-logging\2.2.1.RELEASE\spring-boot-starter-logging-2.2.1.RELEASE.jar;D:\IntelliJ IDEA 2021.3.2\plugins\maven\lib\maven3\mvn_repository\ch\qos\logback\logback-classic\1.2.3\logback-classic-1.2.3.jar;D:\IntelliJ IDEA 2021.3.2\plugins\maven\lib\maven3\mvn_repository\ch\qos\logback\logback-core\1.2.3\logback-core-1.2.3.jar;D:\IntelliJ IDEA 2021.3.2\plugins\maven\lib\maven3\mvn_repository\org\apache\logging\log4j\log4j-to-slf4j\2.12.1\log4j-to-slf4j-2.12.1.jar;D:\IntelliJ IDEA 2021.3.2\plugins\maven\lib\maven3\mvn_repository\org\apache\logging\log4j\log4j-api\2.12.1\log4j-api-2.12.1.jar;D:\IntelliJ IDEA 2021.3.2\plugins\maven\lib\maven3\mvn_repository\org\slf4j\jul-to-slf4j\1.7.29\jul-to-slf4j-1.7.29.jar;D:\IntelliJ IDEA 2021.3.2\plugins\maven\lib\maven3\mvn_repository\jakarta\annotation\jakarta.annotation
Launcher Type: SUN_STANDARD

Environment Variables:
JAVA_HOME=D:\JDK11
CLASSPATH=E:\apache-jmeter-5.5\lib\ext\ApacheJMeter_core.jar;E:\apache-jmeter-5.5\lib\jorphan.jar;E:\apache-jmeter-5.5\lib\logkit-2.0.jar;
PATH=D:\python\python2.8\;D:\python\python2.8\Scripts;D:\JDK11\bin;C:\Windows;C:\Windows\system32;C:\Windows\System32\Wbem;C:\Windows\System32\WindowsPowerShell\v1.0\;C:\Windows\System32\OpenSSH\;C:\Program Files\dotnet\;E:\mysql-8.0.28-winx64\bin;D:\IntelliJ IDEA 2021.3.2\plugins\maven\lib\maven3\bin;E:\redis-3.0.5\;D:\VSCode\mingw64\bin;E:\Go\bin;E:\apache-jmeter-5.5\bin;D:\masm32\bin;E:\sqlite;C:\Program Files (x86)\Pandoc\;D:\pcsuite\;D:\Git LFS;D:\VSCode\Microsoft VS Code\bin;C:\Program Files (x86)\NVIDIA Corporation\PhysX\Common;C:\Program Files\Google\Chrome\Application\;C:\Program Files\NVIDIA Corporation\NVIDIA App\NvDLISR;E:\Git\cmd;E:\front-end\nvm;E:\front-end\nodejs;D:\python\python3.8\Scripts\;D:\python\python3.8\;D:\Python\Scripts\;D:\Python\;C:\Users\lenovo\AppData\Local\Microsoft\WindowsApps;E:\IntelliJ IDEA Community Edition 2021.3.1\bin;;C:\Users\lenovo\.dotnet\tools;D:\VSCode\Microsoft VS Code\bin;C:\Users\lenovo\go\bin;E:\PyCharm Community Edition\bin;;E:\front-end\nvm;E:\front-end\nodejs
USERNAME=lenovo
OS=Windows_NT
PROCESSOR_IDENTIFIER=AMD64 Family 25 Model 80 Stepping 0, AuthenticAMD



---------------  S Y S T E M  ---------------

OS: Windows 10.0 , 64 bit Build 19041 (10.0.19041.3636)

CPU:total 12 (initial active 12) (12 cores per cpu, 1 threads per core) family 25 model 80 stepping 0, cmov, cx8, fxsr, mmx, sse, sse2, sse3, ssse3, sse4.1, sse4.2, popcnt, avx, avx2, aes, clmul, erms, mmxext, 3dnowpref, lzcnt, sse4a, tsc, tscinvbit, tscinv, bmi1

Memory: 4k page, physical 14528572k(5443144k free), swap 29208636k(6407660k free)

vm_info: Java HotSpot(TM) 64-Bit Server VM (25.271-b09) for windows-amd64 JRE (1.8.0_271-b09), built on Sep 16 2020 19:14:59 by "" with MS VC++ 15.9 (VS2017)

time: Mon Jun 17 16:05:25 2024
timezone: 中国标准时间
elapsed time: 66.032016 seconds (0d 0h 1m 6s)

