#
# A fatal error has been detected by the Java Runtime Environment:
#
#  EXCEPTION_ACCESS_VIOLATION (0xc0000005) at pc=0x00007ffbb6d83bf5, pid=4344, tid=0x00000000000049c4
#
# JRE version: Java(TM) SE Runtime Environment (8.0_271-b09) (build 1.8.0_271-b09)
# Java VM: Java HotSpot(TM) 64-Bit Server VM (25.271-b09 mixed mode windows-amd64 compressed oops)
# Problematic frame:
# C  [libarcsoft_face.dll+0x3bf5]
#
# Failed to write core dump. Minidumps are not enabled by default on client versions of Windows
#
# If you would like to submit a bug report, please visit:
#   http://bugreport.java.com/bugreport/crash.jsp
# The crash happened outside the Java Virtual Machine in native code.
# See problematic frame for where to report the bug.
#

---------------  T H R E A D  ---------------

Current thread (0x000002477ebb9800):  JavaThread "http-nio-9099-exec-4" daemon [_thread_in_native, id=18884, stack(0x0000005d3c400000,0x0000005d3c500000)]

siginfo: ExceptionCode=0xc0000005, reading address 0x00001833000000d0

Registers:
RAX=0x00001833000000c0, RBX=0x0000005d3c4fc740, RCX=0x0000005d3c4fc620, RDX=0x000000000000000a
RSP=0x0000005d3c4fc5d0, RBP=0x000002477ee24830, RSI=0x0000005d3c4fc650, RDI=0x000002476138fa90
R8 =0x0000000000000000, R9 =0x000002477ee24830, R10=0x00000000000000c8, R11=0x0000005d3c4fc680
R12=0x0000000000000000, R13=0x000002477f879798, R14=0x000002477e64fa80, R15=0x0000000000000201
RIP=0x00007ffbb6d83bf5, EFLAGS=0x0000000000010206

Top of Stack: (sp=0x0000005d3c4fc5d0)
0x0000005d3c4fc5d0:   000002477ee24830 0000000000000000
0x0000005d3c4fc5e0:   00000000666e2b00 00007ffc2814b8c6
0x0000005d3c4fc5f0:   01dac15de932e4ca 000000077d8f07c8
0x0000005d3c4fc600:   000002477ee24830 0000000073a2d151
0x0000005d3c4fc610:   0000005d3c4fc740 00007ffc281358ca
0x0000005d3c4fc620:   00000000000000c8 00000000000000c8
0x0000005d3c4fc630:   00000000000000c8 0000000000000000
0x0000005d3c4fc640:   0000005d3c4fc650 0000000000000000
0x0000005d3c4fc650:   000000c800000201 00000000000000c8
0x0000005d3c4fc660:   000002477ee24830 0000000000000000
0x0000005d3c4fc670:   0000000000000000 0000000000000000
0x0000005d3c4fc680:   0000000000000258 0000000000000000
0x0000005d3c4fc690:   00001b6f7720c501 00007ffc53ba4b60
0x0000005d3c4fc6a0:   000002477ebb9800 0000005d3c4fc878
0x0000005d3c4fc6b0:   0000005d3c4fc760 0000000000000000
0x0000005d3c4fc6c0:   0000005d3c4fc818 00007ffc53ba18f6 

Instructions: (pc=0x00007ffbb6d83bf5)
0x00007ffbb6d83bd5:   58 48 8b 74 24 60 48 83 c4 40 5f c3 84 d2 74 60
0x00007ffbb6d83be5:   48 8b 87 c8 00 00 00 44 8b 47 5c 48 8d 4c 24 50
0x00007ffbb6d83bf5:   48 8b 50 10 48 89 4c 24 20 48 8b 48 08 4c 8b ce
0x00007ffbb6d83c05:   e8 16 9e 01 00 85 c0 0f 85 b2 00 00 00 48 8b 4c 


Register to memory mapping:

RAX=0x00001833000000c0 is an unknown value
RBX=0x0000005d3c4fc740 is pointing into the stack for thread: 0x000002477ebb9800
RCX=0x0000005d3c4fc620 is pointing into the stack for thread: 0x000002477ebb9800
RDX=0x000000000000000a is an unknown value
RSP=0x0000005d3c4fc5d0 is pointing into the stack for thread: 0x000002477ebb9800
RBP=0x000002477ee24830 is an unknown value
RSI=0x0000005d3c4fc650 is pointing into the stack for thread: 0x000002477ebb9800
RDI=0x000002476138fa90 is at entry_point+-560 in (nmethod*)0x000002476138fa90
R8 =0x0000000000000000 is an unknown value
R9 =0x000002477ee24830 is an unknown value
R10=0x00000000000000c8 is an unknown value
R11=0x0000005d3c4fc680 is pointing into the stack for thread: 0x000002477ebb9800
R12=0x0000000000000000 is an unknown value
R13={method} {0x000002477f8797a0} 'detectFaces' '(J[BIIII[Lcom/arcsoft/face/FaceInfo;)I' in 'com/arcsoft/face/FaceEngine'
R14=0x000002477e64fa80 is an unknown value
R15=0x0000000000000201 is an unknown value


Stack: [0x0000005d3c400000,0x0000005d3c500000],  sp=0x0000005d3c4fc5d0,  free space=1009k
Native frames: (J=compiled Java code, j=interpreted, Vv=VM code, C=native code)
C  [libarcsoft_face.dll+0x3bf5]
C  [libarcsoft_face_engine.dll+0x58ca]
C  [libarcsoft_face_engine_jni.dll+0x18f6]
C  0x0000024760814607

Java frames: (J=compiled Java code, j=interpreted, Vv=VM code)
j  com.arcsoft.face.FaceEngine.detectFaces(J[BIIII[Lcom/arcsoft/face/FaceInfo;)I+0
j  com.arcsoft.face.FaceEngine.detectFaces([BIILcom/arcsoft/face/enums/ImageFormat;Lcom/arcsoft/face/enums/DetectModel;Ljava/util/List;)I+107
j  com.arcsoft.face.FaceEngine.detectFaces([BIILcom/arcsoft/face/enums/ImageFormat;Ljava/util/List;)I+11
j  com.example.springboot.controller.FaceController.getFaceFeature(Lorg/springframework/web/multipart/MultipartFile;I)Lcom/arcsoft/face/FaceFeature;+59
j  com.example.springboot.controller.FaceController.verifyImg(Lorg/springframework/web/multipart/MultipartFile;Ljavax/servlet/http/HttpSession;)Lcom/example/springboot/entity/FaceInfoVo;+5
j  com.example.springboot.controller.FaceController.search(Lorg/springframework/web/multipart/MultipartFile;Ljavax/servlet/http/HttpSession;)Lcom/example/springboot/common/Result;+3
v  ~StubRoutines::call_stub
J 1965  sun.reflect.NativeMethodAccessorImpl.invoke0(Ljava/lang/reflect/Method;Ljava/lang/Object;[Ljava/lang/Object;)Ljava/lang/Object; (0 bytes) @ 0x0000024760c2c37f [0x0000024760c2c300+0x7f]
J 1964 C1 sun.reflect.NativeMethodAccessorImpl.invoke(Ljava/lang/Object;[Ljava/lang/Object;)Ljava/lang/Object; (104 bytes) @ 0x0000024760c2cb9c [0x0000024760c2c7a0+0x3fc]
J 1905 C1 sun.reflect.DelegatingMethodAccessorImpl.invoke(Ljava/lang/Object;[Ljava/lang/Object;)Ljava/lang/Object; (10 bytes) @ 0x0000024760c11c84 [0x0000024760c11c20+0x64]
J 1904 C1 java.lang.reflect.Method.invoke(Ljava/lang/Object;[Ljava/lang/Object;)Ljava/lang/Object; (62 bytes) @ 0x0000024760c1185c [0x0000024760c11720+0x13c]
j  org.springframework.web.method.support.InvocableHandlerMethod.doInvoke([Ljava/lang/Object;)Ljava/lang/Object;+16
j  org.springframework.web.method.support.InvocableHandlerMethod.invokeForRequest(Lorg/springframework/web/context/request/NativeWebRequest;Lorg/springframework/web/method/support/ModelAndViewContainer;[Ljava/lang/Object;)Ljava/lang/Object;+56
j  org.springframework.web.servlet.mvc.method.annotation.ServletInvocableHandlerMethod.invokeAndHandle(Lorg/springframework/web/context/request/ServletWebRequest;Lorg/springframework/web/method/support/ModelAndViewContainer;[Ljava/lang/Object;)V+4
j  org.springframework.web.servlet.mvc.method.annotation.RequestMappingHandlerAdapter.invokeHandlerMethod(Ljavax/servlet/http/HttpServletRequest;Ljavax/servlet/http/HttpServletResponse;Lorg/springframework/web/method/HandlerMethod;)Lorg/springframework/web/servlet/ModelAndView;+244
j  org.springframework.web.servlet.mvc.method.annotation.RequestMappingHandlerAdapter.handleInternal(Ljavax/servlet/http/HttpServletRequest;Ljavax/servlet/http/HttpServletResponse;Lorg/springframework/web/method/HandlerMethod;)Lorg/springframework/web/servlet/ModelAndView;+81
j  org.springframework.web.servlet.mvc.method.AbstractHandlerMethodAdapter.handle(Ljavax/servlet/http/HttpServletRequest;Ljavax/servlet/http/HttpServletResponse;Ljava/lang/Object;)Lorg/springframework/web/servlet/ModelAndView;+7
j  org.springframework.web.servlet.DispatcherServlet.doDispatch(Ljavax/servlet/http/HttpServletRequest;Ljavax/servlet/http/HttpServletResponse;)V+257
j  org.springframework.web.servlet.DispatcherServlet.doService(Ljavax/servlet/http/HttpServletRequest;Ljavax/servlet/http/HttpServletResponse;)V+212
j  org.springframework.web.servlet.FrameworkServlet.processRequest(Ljavax/servlet/http/HttpServletRequest;Ljavax/servlet/http/HttpServletResponse;)V+71
j  org.springframework.web.servlet.FrameworkServlet.doPost(Ljavax/servlet/http/HttpServletRequest;Ljavax/servlet/http/HttpServletResponse;)V+3
j  javax.servlet.http.HttpServlet.service(Ljavax/servlet/http/HttpServletRequest;Ljavax/servlet/http/HttpServletResponse;)V+149
j  org.springframework.web.servlet.FrameworkServlet.service(Ljavax/servlet/http/HttpServletRequest;Ljavax/servlet/http/HttpServletResponse;)V+33
j  javax.servlet.http.HttpServlet.service(Ljavax/servlet/ServletRequest;Ljavax/servlet/ServletResponse;)V+36
j  org.apache.catalina.core.ApplicationFilterChain.internalDoFilter(Ljavax/servlet/ServletRequest;Ljavax/servlet/ServletResponse;)V+304
j  org.apache.catalina.core.ApplicationFilterChain.doFilter(Ljavax/servlet/ServletRequest;Ljavax/servlet/ServletResponse;)V+101
j  org.apache.tomcat.websocket.server.WsFilter.doFilter(Ljavax/servlet/ServletRequest;Ljavax/servlet/ServletResponse;Ljavax/servlet/FilterChain;)V+21
j  org.apache.catalina.core.ApplicationFilterChain.internalDoFilter(Ljavax/servlet/ServletRequest;Ljavax/servlet/ServletResponse;)V+135
j  org.apache.catalina.core.ApplicationFilterChain.doFilter(Ljavax/servlet/ServletRequest;Ljavax/servlet/ServletResponse;)V+101
j  org.springframework.web.filter.CorsFilter.doFilterInternal(Ljavax/servlet/http/HttpServletRequest;Ljavax/servlet/http/HttpServletResponse;Ljavax/servlet/FilterChain;)V+43
j  org.springframework.web.filter.OncePerRequestFilter.doFilter(Ljavax/servlet/ServletRequest;Ljavax/servlet/ServletResponse;Ljavax/servlet/FilterChain;)V+147
j  org.apache.catalina.core.ApplicationFilterChain.internalDoFilter(Ljavax/servlet/ServletRequest;Ljavax/servlet/ServletResponse;)V+135
j  org.apache.catalina.core.ApplicationFilterChain.doFilter(Ljavax/servlet/ServletRequest;Ljavax/servlet/ServletResponse;)V+101
j  org.springframework.web.filter.RequestContextFilter.doFilterInternal(Ljavax/servlet/http/HttpServletRequest;Ljavax/servlet/http/HttpServletResponse;Ljavax/servlet/FilterChain;)V+21
j  org.springframework.web.filter.OncePerRequestFilter.doFilter(Ljavax/servlet/ServletRequest;Ljavax/servlet/ServletResponse;Ljavax/servlet/FilterChain;)V+147
j  org.apache.catalina.core.ApplicationFilterChain.internalDoFilter(Ljavax/servlet/ServletRequest;Ljavax/servlet/ServletResponse;)V+135
j  org.apache.catalina.core.ApplicationFilterChain.doFilter(Ljavax/servlet/ServletRequest;Ljavax/servlet/ServletResponse;)V+101
j  org.springframework.web.filter.FormContentFilter.doFilterInternal(Ljavax/servlet/http/HttpServletRequest;Ljavax/servlet/http/HttpServletResponse;Ljavax/servlet/FilterChain;)V+38
j  org.springframework.web.filter.OncePerRequestFilter.doFilter(Ljavax/servlet/ServletRequest;Ljavax/servlet/ServletResponse;Ljavax/servlet/FilterChain;)V+147
j  org.apache.catalina.core.ApplicationFilterChain.internalDoFilter(Ljavax/servlet/ServletRequest;Ljavax/servlet/ServletResponse;)V+135
j  org.apache.catalina.core.ApplicationFilterChain.doFilter(Ljavax/servlet/ServletRequest;Ljavax/servlet/ServletResponse;)V+101
j  org.springframework.session.web.http.SessionRepositoryFilter.doFilterInternal(Ljavax/servlet/http/HttpServletRequest;Ljavax/servlet/http/HttpServletResponse;Ljavax/servlet/FilterChain;)V+44
j  org.springframework.session.web.http.OncePerRequestFilter.doFilter(Ljavax/servlet/ServletRequest;Ljavax/servlet/ServletResponse;Ljavax/servlet/FilterChain;)V+118
j  org.apache.catalina.core.ApplicationFilterChain.internalDoFilter(Ljavax/servlet/ServletRequest;Ljavax/servlet/ServletResponse;)V+135
j  org.apache.catalina.core.ApplicationFilterChain.doFilter(Ljavax/servlet/ServletRequest;Ljavax/servlet/ServletResponse;)V+101
j  org.springframework.web.filter.CharacterEncodingFilter.doFilterInternal(Ljavax/servlet/http/HttpServletRequest;Ljavax/servlet/http/HttpServletResponse;Ljavax/servlet/FilterChain;)V+53
j  org.springframework.web.filter.OncePerRequestFilter.doFilter(Ljavax/servlet/ServletRequest;Ljavax/servlet/ServletResponse;Ljavax/servlet/FilterChain;)V+147
j  org.apache.catalina.core.ApplicationFilterChain.internalDoFilter(Ljavax/servlet/ServletRequest;Ljavax/servlet/ServletResponse;)V+135
j  org.apache.catalina.core.ApplicationFilterChain.doFilter(Ljavax/servlet/ServletRequest;Ljavax/servlet/ServletResponse;)V+101
j  org.apache.catalina.core.StandardWrapperValve.invoke(Lorg/apache/catalina/connector/Request;Lorg/apache/catalina/connector/Response;)V+694
j  org.apache.catalina.core.StandardContextValve.invoke(Lorg/apache/catalina/connector/Request;Lorg/apache/catalina/connector/Response;)V+166
j  org.apache.catalina.authenticator.AuthenticatorBase.invoke(Lorg/apache/catalina/connector/Request;Lorg/apache/catalina/connector/Response;)V+260
j  org.apache.catalina.core.StandardHostValve.invoke(Lorg/apache/catalina/connector/Request;Lorg/apache/catalina/connector/Response;)V+114
j  org.apache.catalina.valves.ErrorReportValve.invoke(Lorg/apache/catalina/connector/Request;Lorg/apache/catalina/connector/Response;)V+6
j  org.apache.catalina.core.StandardEngineValve.invoke(Lorg/apache/catalina/connector/Request;Lorg/apache/catalina/connector/Response;)V+45
j  org.apache.catalina.connector.CoyoteAdapter.service(Lorg/apache/coyote/Request;Lorg/apache/coyote/Response;)V+199
j  org.apache.coyote.http11.Http11Processor.service(Lorg/apache/tomcat/util/net/SocketWrapperBase;)Lorg/apache/tomcat/util/net/AbstractEndpoint$Handler$SocketState;+784
j  org.apache.coyote.AbstractProcessorLight.process(Lorg/apache/tomcat/util/net/SocketWrapperBase;Lorg/apache/tomcat/util/net/SocketEvent;)Lorg/apache/tomcat/util/net/AbstractEndpoint$Handler$SocketState;+113
j  org.apache.coyote.AbstractProtocol$ConnectionHandler.process(Lorg/apache/tomcat/util/net/SocketWrapperBase;Lorg/apache/tomcat/util/net/SocketEvent;)Lorg/apache/tomcat/util/net/AbstractEndpoint$Handler$SocketState;+442
j  org.apache.tomcat.util.net.NioEndpoint$SocketProcessor.doRun()V+221
j  org.apache.tomcat.util.net.SocketProcessorBase.run()V+21
j  java.util.concurrent.ThreadPoolExecutor.runWorker(Ljava/util/concurrent/ThreadPoolExecutor$Worker;)V+95
j  java.util.concurrent.ThreadPoolExecutor$Worker.run()V+5
j  org.apache.tomcat.util.threads.TaskThread$WrappingRunnable.run()V+4
j  java.lang.Thread.run()V+11
v  ~StubRoutines::call_stub

---------------  P R O C E S S  ---------------

Java Threads: ( => current thread )
  0x000002477e66a800 JavaThread "Java2D Disposer" daemon [_thread_blocked, id=27784, stack(0x0000005d34600000,0x0000005d34700000)]
  0x000002477e663800 JavaThread "HikariPool-1 housekeeper" daemon [_thread_blocked, id=20160, stack(0x0000005d3d300000,0x0000005d3d400000)]
  0x000002477e669800 JavaThread "lettuce-eventExecutorLoop-1-10" daemon [_thread_blocked, id=1380, stack(0x0000005d3d200000,0x0000005d3d300000)]
  0x000002477e666800 JavaThread "lettuce-eventExecutorLoop-1-12" daemon [_thread_blocked, id=27216, stack(0x0000005d3d100000,0x0000005d3d200000)]
  0x000002477e663000 JavaThread "lettuce-eventExecutorLoop-1-11" daemon [_thread_blocked, id=5144, stack(0x0000005d3d000000,0x0000005d3d100000)]
  0x000002477e669000 JavaThread "lettuce-eventExecutorLoop-1-9" daemon [_thread_blocked, id=2272, stack(0x0000005d3cf00000,0x0000005d3d000000)]
  0x000002477e668000 JavaThread "lettuce-eventExecutorLoop-1-8" daemon [_thread_blocked, id=10556, stack(0x0000005d3ce00000,0x0000005d3cf00000)]
  0x000002477e667800 JavaThread "RMI TCP Connection(idle)" daemon [_thread_blocked, id=26168, stack(0x0000005d36300000,0x0000005d36400000)]
  0x000002477ebc5800 JavaThread "DestroyJavaVM" [_thread_blocked, id=20700, stack(0x0000005d34900000,0x0000005d34a00000)]
  0x000002477ebc5000 JavaThread "http-nio-9099-Acceptor" daemon [_thread_in_native, id=12968, stack(0x0000005d3cc00000,0x0000005d3cd00000)]
  0x000002477ebc4000 JavaThread "http-nio-9099-ClientPoller" daemon [_thread_in_native, id=12536, stack(0x0000005d3cb00000,0x0000005d3cc00000)]
  0x000002477ebc3800 JavaThread "http-nio-9099-exec-10" daemon [_thread_blocked, id=25948, stack(0x0000005d3ca00000,0x0000005d3cb00000)]
  0x000002477ebc2800 JavaThread "http-nio-9099-exec-9" daemon [_thread_blocked, id=12140, stack(0x0000005d3c900000,0x0000005d3ca00000)]
  0x000002477ebbb000 JavaThread "http-nio-9099-exec-8" daemon [_thread_blocked, id=27984, stack(0x0000005d3c800000,0x0000005d3c900000)]
  0x000002477ebc2000 JavaThread "http-nio-9099-exec-7" daemon [_thread_blocked, id=13036, stack(0x0000005d3c700000,0x0000005d3c800000)]
  0x000002477ebba800 JavaThread "http-nio-9099-exec-6" daemon [_thread_blocked, id=15864, stack(0x0000005d3c600000,0x0000005d3c700000)]
  0x000002477ebc1000 JavaThread "http-nio-9099-exec-5" daemon [_thread_blocked, id=9124, stack(0x0000005d3c500000,0x0000005d3c600000)]
=>0x000002477ebb9800 JavaThread "http-nio-9099-exec-4" daemon [_thread_in_native, id=18884, stack(0x0000005d3c400000,0x0000005d3c500000)]
  0x000002477ebc0800 JavaThread "http-nio-9099-exec-3" daemon [_thread_blocked, id=264, stack(0x0000005d3c300000,0x0000005d3c400000)]
  0x000002477ebbc000 JavaThread "http-nio-9099-exec-2" daemon [_thread_blocked, id=20752, stack(0x0000005d3c200000,0x0000005d3c300000)]
  0x000002477ebbd800 JavaThread "http-nio-9099-exec-1" daemon [_thread_blocked, id=14132, stack(0x0000005d3c100000,0x0000005d3c200000)]
  0x000002477ebbf800 JavaThread "http-nio-9099-BlockPoller" daemon [_thread_in_native, id=26320, stack(0x0000005d3bb00000,0x0000005d3bc00000)]
  0x000002477ebbf000 JavaThread "pool-1-thread-1" [_thread_blocked, id=11028, stack(0x0000005d3b900000,0x0000005d3ba00000)]
  0x000002477ebbe000 JavaThread "lettuce-eventExecutorLoop-1-7" daemon [_thread_blocked, id=23044, stack(0x0000005d3c000000,0x0000005d3c100000)]
  0x000002477ebb9000 JavaThread "lettuce-eventExecutorLoop-1-6" daemon [_thread_blocked, id=28344, stack(0x0000005d3bf00000,0x0000005d3c000000)]
  0x000002477ebb6800 JavaThread "lettuce-eventExecutorLoop-1-5" daemon [_thread_blocked, id=4628, stack(0x0000005d3be00000,0x0000005d3bf00000)]
  0x000002477ebb8000 JavaThread "lettuce-eventExecutorLoop-1-4" daemon [_thread_blocked, id=20940, stack(0x0000005d3bd00000,0x0000005d3be00000)]
  0x000002477ebbc800 JavaThread "lettuce-nioEventLoop-4-2" daemon [_thread_in_native, id=26028, stack(0x0000005d3bc00000,0x0000005d3bd00000)]
  0x000002477ebb7800 JavaThread "Live Reload Server" daemon [_thread_in_native, id=28052, stack(0x0000005d3ba00000,0x0000005d3bb00000)]
  0x000002477ad0e800 JavaThread "File Watcher" daemon [_thread_blocked, id=6540, stack(0x0000005d3b800000,0x0000005d3b900000)]
  0x000002477ad14800 JavaThread "lettuce-eventExecutorLoop-1-3" daemon [_thread_blocked, id=13484, stack(0x0000005d3b700000,0x0000005d3b800000)]
  0x000002477ad13800 JavaThread "lettuce-eventExecutorLoop-1-2" daemon [_thread_blocked, id=18864, stack(0x0000005d3b600000,0x0000005d3b700000)]
  0x000002477ad15000 JavaThread "lettuce-eventExecutorLoop-1-1" daemon [_thread_blocked, id=12428, stack(0x0000005d3b500000,0x0000005d3b600000)]
  0x000002477ad13000 JavaThread "lettuce-nioEventLoop-4-1" daemon [_thread_in_native, id=3500, stack(0x0000005d3b300000,0x0000005d3b400000)]
  0x000002477af6a800 JavaThread "mysql-cj-abandoned-connection-cleanup" daemon [_thread_blocked, id=28032, stack(0x0000005d36a00000,0x0000005d36b00000)]
  0x000002477b599000 JavaThread "container-0" [_thread_blocked, id=19152, stack(0x0000005d36900000,0x0000005d36a00000)]
  0x000002477e4a6800 JavaThread "Catalina-utility-2" [_thread_blocked, id=16556, stack(0x0000005d36800000,0x0000005d36900000)]
  0x000002477e4a4000 JavaThread "Catalina-utility-1" [_thread_blocked, id=29508, stack(0x0000005d36700000,0x0000005d36800000)]
  0x000002477c4a7800 JavaThread "RMI Scheduler(0)" daemon [_thread_blocked, id=29120, stack(0x0000005d36600000,0x0000005d36700000)]
  0x000002477b8e1000 JavaThread "RMI TCP Accept-0" daemon [_thread_in_native, id=4396, stack(0x0000005d36100000,0x0000005d36200000)]
  0x000002477ad9f800 JavaThread "Service Thread" daemon [_thread_blocked, id=24916, stack(0x0000005d36000000,0x0000005d36100000)]
  0x000002477ad0f000 JavaThread "C1 CompilerThread3" daemon [_thread_blocked, id=26936, stack(0x0000005d35f00000,0x0000005d36000000)]
  0x000002477ad07800 JavaThread "C2 CompilerThread2" daemon [_thread_blocked, id=19620, stack(0x0000005d35e00000,0x0000005d35f00000)]
  0x000002477ad02800 JavaThread "C2 CompilerThread1" daemon [_thread_blocked, id=28872, stack(0x0000005d35d00000,0x0000005d35e00000)]
  0x000002477ad01000 JavaThread "C2 CompilerThread0" daemon [_thread_blocked, id=28852, stack(0x0000005d35c00000,0x0000005d35d00000)]
  0x000002477acee800 JavaThread "JDWP Command Reader" daemon [_thread_in_native, id=10708, stack(0x0000005d35b00000,0x0000005d35c00000)]
  0x000002477ace7000 JavaThread "JDWP Event Helper Thread" daemon [_thread_blocked, id=10000, stack(0x0000005d35a00000,0x0000005d35b00000)]
  0x000002477acdf800 JavaThread "JDWP Transport Listener: dt_socket" daemon [_thread_blocked, id=22956, stack(0x0000005d35900000,0x0000005d35a00000)]
  0x000002477ac7a000 JavaThread "Attach Listener" daemon [_thread_blocked, id=2888, stack(0x0000005d35800000,0x0000005d35900000)]
  0x000002477ac79800 JavaThread "Signal Dispatcher" daemon [_thread_blocked, id=28728, stack(0x0000005d35700000,0x0000005d35800000)]
  0x000002475ef38000 JavaThread "Finalizer" daemon [_thread_blocked, id=7724, stack(0x0000005d35600000,0x0000005d35700000)]
  0x0000024778a1a000 JavaThread "Reference Handler" daemon [_thread_blocked, id=7976, stack(0x0000005d35500000,0x0000005d35600000)]

Other Threads:
  0x00000247789f0800 VMThread [stack: 0x0000005d35400000,0x0000005d35500000] [id=25800]
  0x000002477b8f5000 WatcherThread [stack: 0x0000005d36200000,0x0000005d36300000] [id=9468]

VM state:not at safepoint (normal execution)

VM Mutex/Monitor currently owned by a thread: None

heap address: 0x00000006e2400000, size: 3548 MB, Compressed Oops mode: Zero based, Oop shift amount: 3
Narrow klass base: 0x0000000000000000, Narrow klass shift: 3
Compressed class space size: 1073741824 Address: 0x00000007c0000000

Heap:
 PSYoungGen      total 339968K, used 123089K [0x0000000776180000, 0x0000000791b80000, 0x00000007c0000000)
  eden space 327680K, 37% used [0x0000000776180000,0x000000077d9b4468,0x000000078a180000)
  from space 12288K, 0% used [0x000000078a180000,0x000000078a180000,0x000000078ad80000)
  to   space 17920K, 0% used [0x0000000790a00000,0x0000000790a00000,0x0000000791b80000)
 ParOldGen       total 157696K, used 34813K [0x00000006e2400000, 0x00000006ebe00000, 0x0000000776180000)
  object space 157696K, 22% used [0x00000006e2400000,0x00000006e45ff7f8,0x00000006ebe00000)
 Metaspace       used 60903K, capacity 64264K, committed 64512K, reserved 1105920K
  class space    used 7806K, capacity 8391K, committed 8448K, reserved 1048576K

Card table byte_map: [0x000002476fbb0000,0x00000247702a0000] byte_map_base: 0x000002476c49e000

Marking Bits: (ParMarkBitMap*) 0x00000000740b7fe0
 Begin Bits: [0x0000024770740000, 0x0000024773eb0000)
 End Bits:   [0x0000024773eb0000, 0x0000024777620000)

Polling page: 0x000002475ee20000

CodeCache: size=245760Kb used=12257Kb max_used=12257Kb free=233502Kb
 bounds [0x00000247607f0000, 0x00000247613f0000, 0x000002476f7f0000]
 total_blobs=7066 nmethods=6348 adapters=638
 compilation: enabled

Compilation events (10 events):
Event: 80.641 Thread 0x000002477ad0f000 6476       1       sun.awt.image.ByteInterleavedRaster::setDataElements (18 bytes)
Event: 80.641 Thread 0x000002477ad0f000 nmethod 6476 0x00000247613e6f10 code [0x00000247613e7080, 0x00000247613e7230]
Event: 80.643 Thread 0x000002477ad0f000 6477 %     1       java.awt.image.BufferedImage::getRGB @ 173 (231 bytes)
Event: 80.644 Thread 0x000002477ad0f000 nmethod 6477% 0x00000247613e72d0 code [0x00000247613e74c0, 0x00000247613e80c0]
Event: 80.644 Thread 0x000002477ad0f000 6478       1       java.awt.image.BufferedImage::getRGB (231 bytes)
Event: 80.644 Thread 0x000002477ad0f000 nmethod 6478 0x00000247613e8950 code [0x00000247613e8b40, 0x00000247613e9500]
Event: 80.646 Thread 0x000002477ad0f000 6479 %     1       java.awt.image.BufferedImage::setRGB @ 26 (86 bytes)
Event: 80.646 Thread 0x000002477ad0f000 nmethod 6479% 0x00000247613e9d50 code [0x00000247613e9ee0, 0x00000247613ea340]
Event: 80.646 Thread 0x000002477ad0f000 6480       1       java.awt.image.BufferedImage::setRGB (86 bytes)
Event: 80.647 Thread 0x000002477ad0f000 nmethod 6480 0x00000247613ea590 code [0x00000247613ea700, 0x00000247613ea9a0]

GC Heap History (10 events):
Event: 3.677 GC heap before
{Heap before GC invocations=8 (full 1):
 PSYoungGen      total 206336K, used 62742K [0x0000000776180000, 0x0000000783980000, 0x00000007c0000000)
  eden space 196096K, 26% used [0x0000000776180000,0x00000007794c9290,0x0000000782100000)
  from space 10240K, 99% used [0x0000000782f80000,0x000000078397c5e0,0x0000000783980000)
  to   space 12288K, 0% used [0x0000000782180000,0x0000000782180000,0x0000000782d80000)
 ParOldGen       total 76288K, used 7402K [0x00000006e2400000, 0x00000006e6e80000, 0x0000000776180000)
  object space 76288K, 9% used [0x00000006e2400000,0x00000006e2b3a960,0x00000006e6e80000)
 Metaspace       used 33448K, capacity 35398K, committed 35496K, reserved 1079296K
  class space    used 4487K, capacity 4901K, committed 4992K, reserved 1048576K
Event: 3.684 GC heap after
Heap after GC invocations=8 (full 1):
 PSYoungGen      total 208896K, used 9451K [0x0000000776180000, 0x000000078bc80000, 0x00000007c0000000)
  eden space 196608K, 0% used [0x0000000776180000,0x0000000776180000,0x0000000782180000)
  from space 12288K, 76% used [0x0000000782180000,0x0000000782abad10,0x0000000782d80000)
  to   space 12288K, 0% used [0x000000078b080000,0x000000078b080000,0x000000078bc80000)
 ParOldGen       total 76288K, used 7410K [0x00000006e2400000, 0x00000006e6e80000, 0x0000000776180000)
  object space 76288K, 9% used [0x00000006e2400000,0x00000006e2b3c960,0x00000006e6e80000)
 Metaspace       used 33448K, capacity 35398K, committed 35496K, reserved 1079296K
  class space    used 4487K, capacity 4901K, committed 4992K, reserved 1048576K
}
Event: 3.684 GC heap before
{Heap before GC invocations=9 (full 2):
 PSYoungGen      total 208896K, used 9451K [0x0000000776180000, 0x000000078bc80000, 0x00000007c0000000)
  eden space 196608K, 0% used [0x0000000776180000,0x0000000776180000,0x0000000782180000)
  from space 12288K, 76% used [0x0000000782180000,0x0000000782abad10,0x0000000782d80000)
  to   space 12288K, 0% used [0x000000078b080000,0x000000078b080000,0x000000078bc80000)
 ParOldGen       total 76288K, used 7410K [0x00000006e2400000, 0x00000006e6e80000, 0x0000000776180000)
  object space 76288K, 9% used [0x00000006e2400000,0x00000006e2b3c960,0x00000006e6e80000)
 Metaspace       used 33448K, capacity 35398K, committed 35496K, reserved 1079296K
  class space    used 4487K, capacity 4901K, committed 4992K, reserved 1048576K
Event: 3.717 GC heap after
Heap after GC invocations=9 (full 2):
 PSYoungGen      total 208896K, used 0K [0x0000000776180000, 0x000000078bc80000, 0x00000007c0000000)
  eden space 196608K, 0% used [0x0000000776180000,0x0000000776180000,0x0000000782180000)
  from space 12288K, 0% used [0x0000000782180000,0x0000000782180000,0x0000000782d80000)
  to   space 12288K, 0% used [0x000000078b080000,0x000000078b080000,0x000000078bc80000)
 ParOldGen       total 110080K, used 14708K [0x00000006e2400000, 0x00000006e8f80000, 0x0000000776180000)
  object space 110080K, 13% used [0x00000006e2400000,0x00000006e325d158,0x00000006e8f80000)
 Metaspace       used 33448K, capacity 35398K, committed 35496K, reserved 1079296K
  class space    used 4487K, capacity 4901K, committed 4992K, reserved 1048576K
}
Event: 5.348 GC heap before
{Heap before GC invocations=10 (full 2):
 PSYoungGen      total 208896K, used 196608K [0x0000000776180000, 0x000000078bc80000, 0x00000007c0000000)
  eden space 196608K, 100% used [0x0000000776180000,0x0000000782180000,0x0000000782180000)
  from space 12288K, 0% used [0x0000000782180000,0x0000000782180000,0x0000000782d80000)
  to   space 12288K, 0% used [0x000000078b080000,0x000000078b080000,0x000000078bc80000)
 ParOldGen       total 110080K, used 14708K [0x00000006e2400000, 0x00000006e8f80000, 0x0000000776180000)
  object space 110080K, 13% used [0x00000006e2400000,0x00000006e325d158,0x00000006e8f80000)
 Metaspace       used 40913K, capacity 43406K, committed 43648K, reserved 1087488K
  class space    used 5455K, capacity 5941K, committed 6016K, reserved 1048576K
Event: 5.356 GC heap after
Heap after GC invocations=10 (full 2):
 PSYoungGen      total 324608K, used 8944K [0x0000000776180000, 0x000000078b980000, 0x00000007c0000000)
  eden space 315392K, 0% used [0x0000000776180000,0x0000000776180000,0x0000000789580000)
  from space 9216K, 97% used [0x000000078b080000,0x000000078b93c3a0,0x000000078b980000)
  to   space 12288K, 0% used [0x000000078a180000,0x000000078a180000,0x000000078ad80000)
 ParOldGen       total 110080K, used 14780K [0x00000006e2400000, 0x00000006e8f80000, 0x0000000776180000)
  object space 110080K, 13% used [0x00000006e2400000,0x00000006e326f168,0x00000006e8f80000)
 Metaspace       used 40913K, capacity 43406K, committed 43648K, reserved 1087488K
  class space    used 5455K, capacity 5941K, committed 6016K, reserved 1048576K
}
Event: 27.991 GC heap before
{Heap before GC invocations=11 (full 2):
 PSYoungGen      total 324608K, used 266298K [0x0000000776180000, 0x000000078b980000, 0x00000007c0000000)
  eden space 315392K, 81% used [0x0000000776180000,0x0000000785cd24e8,0x0000000789580000)
  from space 9216K, 97% used [0x000000078b080000,0x000000078b93c3a0,0x000000078b980000)
  to   space 12288K, 0% used [0x000000078a180000,0x000000078a180000,0x000000078ad80000)
 ParOldGen       total 110080K, used 14780K [0x00000006e2400000, 0x00000006e8f80000, 0x0000000776180000)
  object space 110080K, 13% used [0x00000006e2400000,0x00000006e326f168,0x00000006e8f80000)
 Metaspace       used 55785K, capacity 59030K, committed 59136K, reserved 1099776K
  class space    used 7309K, capacity 7914K, committed 7936K, reserved 1048576K
Event: 28.008 GC heap after
Heap after GC invocations=11 (full 2):
 PSYoungGen      total 339968K, used 12269K [0x0000000776180000, 0x0000000791b80000, 0x00000007c0000000)
  eden space 327680K, 0% used [0x0000000776180000,0x0000000776180000,0x000000078a180000)
  from space 12288K, 99% used [0x000000078a180000,0x000000078ad7b478,0x000000078ad80000)
  to   space 17920K, 0% used [0x0000000790a00000,0x0000000790a00000,0x0000000791b80000)
 ParOldGen       total 110080K, used 26778K [0x00000006e2400000, 0x00000006e8f80000, 0x0000000776180000)
  object space 110080K, 24% used [0x00000006e2400000,0x00000006e3e268b0,0x00000006e8f80000)
 Metaspace       used 55785K, capacity 59030K, committed 59136K, reserved 1099776K
  class space    used 7309K, capacity 7914K, committed 7936K, reserved 1048576K
}
Event: 28.009 GC heap before
{Heap before GC invocations=12 (full 3):
 PSYoungGen      total 339968K, used 12269K [0x0000000776180000, 0x0000000791b80000, 0x00000007c0000000)
  eden space 327680K, 0% used [0x0000000776180000,0x0000000776180000,0x000000078a180000)
  from space 12288K, 99% used [0x000000078a180000,0x000000078ad7b478,0x000000078ad80000)
  to   space 17920K, 0% used [0x0000000790a00000,0x0000000790a00000,0x0000000791b80000)
 ParOldGen       total 110080K, used 26778K [0x00000006e2400000, 0x00000006e8f80000, 0x0000000776180000)
  object space 110080K, 24% used [0x00000006e2400000,0x00000006e3e268b0,0x00000006e8f80000)
 Metaspace       used 55785K, capacity 59030K, committed 59136K, reserved 1099776K
  class space    used 7309K, capacity 7914K, committed 7936K, reserved 1048576K
Event: 28.132 GC heap after
Heap after GC invocations=12 (full 3):
 PSYoungGen      total 339968K, used 0K [0x0000000776180000, 0x0000000791b80000, 0x00000007c0000000)
  eden space 327680K, 0% used [0x0000000776180000,0x0000000776180000,0x000000078a180000)
  from space 12288K, 0% used [0x000000078a180000,0x000000078a180000,0x000000078ad80000)
  to   space 17920K, 0% used [0x0000000790a00000,0x0000000790a00000,0x0000000791b80000)
 ParOldGen       total 157696K, used 34813K [0x00000006e2400000, 0x00000006ebe00000, 0x0000000776180000)
  object space 157696K, 22% used [0x00000006e2400000,0x00000006e45ff7f8,0x00000006ebe00000)
 Metaspace       used 55717K, capacity 58884K, committed 59136K, reserved 1099776K
  class space    used 7294K, capacity 7889K, committed 7936K, reserved 1048576K
}

Deoptimization events (0 events):
No events

Classes redefined (0 events):
No events

Internal exceptions (10 events):
Event: 73.978 Thread 0x000002477ebbd800 Exception <a 'java/lang/ArrayIndexOutOfBoundsException'> (0x000000077cb679d0) thrown at [C:\jenkins\workspace\8-2-build-windows-amd64-cygwin\jdk8u271\605\hotspot\src\share\vm\runtime\sharedRuntime.cpp, line 609]
Event: 73.982 Thread 0x000002477ebc1000 Exception <a 'java/lang/ArrayIndexOutOfBoundsException'> (0x000000077b50c688) thrown at [C:\jenkins\workspace\8-2-build-windows-amd64-cygwin\jdk8u271\605\hotspot\src\share\vm\runtime\sharedRuntime.cpp, line 609]
Event: 73.983 Thread 0x000002477ebbc000 Exception <a 'java/lang/ArrayIndexOutOfBoundsException'> (0x000000077d16d860) thrown at [C:\jenkins\workspace\8-2-build-windows-amd64-cygwin\jdk8u271\605\hotspot\src\share\vm\runtime\sharedRuntime.cpp, line 609]
Event: 73.986 Thread 0x000002477ebc2800 Exception <a 'java/lang/ArrayIndexOutOfBoundsException'> (0x000000077d0ca8f8) thrown at [C:\jenkins\workspace\8-2-build-windows-amd64-cygwin\jdk8u271\605\hotspot\src\share\vm\runtime\sharedRuntime.cpp, line 609]
Event: 73.991 Thread 0x000002477ebc1000 Exception <a 'java/lang/ArrayIndexOutOfBoundsException'> (0x000000077d23d0b8) thrown at [C:\jenkins\workspace\8-2-build-windows-amd64-cygwin\jdk8u271\605\hotspot\src\share\vm\runtime\sharedRuntime.cpp, line 609]
Event: 73.992 Thread 0x000002477ebbc000 Exception <a 'java/lang/ArrayIndexOutOfBoundsException'> (0x000000077d175bf0) thrown at [C:\jenkins\workspace\8-2-build-windows-amd64-cygwin\jdk8u271\605\hotspot\src\share\vm\runtime\sharedRuntime.cpp, line 609]
Event: 73.998 Thread 0x000002477ebc3800 Exception <a 'java/lang/ArrayIndexOutOfBoundsException'> (0x000000077d414b20) thrown at [C:\jenkins\workspace\8-2-build-windows-amd64-cygwin\jdk8u271\605\hotspot\src\share\vm\runtime\sharedRuntime.cpp, line 609]
Event: 73.999 Thread 0x000002477ebc3800 Exception <a 'java/lang/ArrayIndexOutOfBoundsException'> (0x000000077d41b448) thrown at [C:\jenkins\workspace\8-2-build-windows-amd64-cygwin\jdk8u271\605\hotspot\src\share\vm\runtime\sharedRuntime.cpp, line 609]
Event: 74.006 Thread 0x000002477ebc2800 Exception <a 'java/lang/ArrayIndexOutOfBoundsException'> (0x000000077d5094b8) thrown at [C:\jenkins\workspace\8-2-build-windows-amd64-cygwin\jdk8u271\605\hotspot\src\share\vm\runtime\sharedRuntime.cpp, line 609]
Event: 74.025 Thread 0x000002477ebbd800 Exception <a 'java/lang/ArrayIndexOutOfBoundsException'> (0x000000077cbcbe30) thrown at [C:\jenkins\workspace\8-2-build-windows-amd64-cygwin\jdk8u271\605\hotspot\src\share\vm\runtime\sharedRuntime.cpp, line 609]

Events (10 events):
Event: 80.633 Executing VM operation: RevokeBias
Event: 80.633 Executing VM operation: RevokeBias done
Event: 80.633 Executing VM operation: RevokeBias
Event: 80.633 Executing VM operation: RevokeBias done
Event: 80.647 Executing VM operation: RevokeBias
Event: 80.647 Executing VM operation: RevokeBias done
Event: 80.647 Executing VM operation: RevokeBias
Event: 80.647 Executing VM operation: RevokeBias done
Event: 80.648 Executing VM operation: RevokeBias
Event: 80.648 Executing VM operation: RevokeBias done


Dynamic libraries:
0x00007ff631290000 - 0x00007ff6312d7000 	D:\jdk8\bin\java.exe
0x00007ffc79cb0000 - 0x00007ffc79ea8000 	C:\Windows\SYSTEM32\ntdll.dll
0x00007ffc78260000 - 0x00007ffc7831d000 	C:\Windows\System32\KERNEL32.DLL
0x00007ffc779f0000 - 0x00007ffc77ce6000 	C:\Windows\System32\KERNELBASE.dll
0x00007ffc77db0000 - 0x00007ffc77e60000 	C:\Windows\System32\ADVAPI32.dll
0x00007ffc79460000 - 0x00007ffc794fe000 	C:\Windows\System32\msvcrt.dll
0x00007ffc77e60000 - 0x00007ffc77f00000 	C:\Windows\System32\sechost.dll
0x00007ffc785a0000 - 0x00007ffc786c3000 	C:\Windows\System32\RPCRT4.dll
0x00007ffc77830000 - 0x00007ffc77857000 	C:\Windows\System32\bcrypt.dll
0x00007ffc78e30000 - 0x00007ffc78fcf000 	C:\Windows\System32\USER32.dll
0x00007ffc77590000 - 0x00007ffc775b2000 	C:\Windows\System32\win32u.dll
0x00007ffc78550000 - 0x00007ffc7857b000 	C:\Windows\System32\GDI32.dll
0x00007ffc77370000 - 0x00007ffc77487000 	C:\Windows\System32\gdi32full.dll
0x00007ffc77790000 - 0x00007ffc7782d000 	C:\Windows\System32\msvcp_win.dll
0x00007ffc77490000 - 0x00007ffc77590000 	C:\Windows\System32\ucrtbase.dll
0x00007ffc65fa0000 - 0x00007ffc6623a000 	C:\Windows\WinSxS\amd64_microsoft.windows.common-controls_6595b64144ccf1df_6.0.19041.4355_none_60b8b9eb71f62e16\COMCTL32.dll
0x00007ffc78ce0000 - 0x00007ffc78d0f000 	C:\Windows\System32\IMM32.DLL
0x00007ffc70d60000 - 0x00007ffc70d75000 	D:\jdk8\jre\bin\vcruntime140.dll
0x00007ffc2ac50000 - 0x00007ffc2aceb000 	D:\jdk8\jre\bin\msvcp140.dll
0x00000000738c0000 - 0x000000007412f000 	D:\jdk8\jre\bin\server\jvm.dll
0x00007ffc78380000 - 0x00007ffc78388000 	C:\Windows\System32\PSAPI.DLL
0x00007ffc6acc0000 - 0x00007ffc6ace7000 	C:\Windows\SYSTEM32\WINMM.dll
0x00007ffc716c0000 - 0x00007ffc716c9000 	C:\Windows\SYSTEM32\WSOCK32.dll
0x00007ffc6e920000 - 0x00007ffc6e92a000 	C:\Windows\SYSTEM32\VERSION.dll
0x00007ffc78b40000 - 0x00007ffc78bab000 	C:\Windows\System32\WS2_32.dll
0x00007ffc75b80000 - 0x00007ffc75b92000 	C:\Windows\SYSTEM32\kernel.appcore.dll
0x00007ffc74690000 - 0x00007ffc746a0000 	D:\jdk8\jre\bin\verify.dll
0x00007ffc65e10000 - 0x00007ffc65e3b000 	D:\jdk8\jre\bin\java.dll
0x00007ffc58740000 - 0x00007ffc58776000 	D:\jdk8\jre\bin\jdwp.dll
0x00007ffc716a0000 - 0x00007ffc716a9000 	D:\jdk8\jre\bin\npt.dll
0x00007ffc53bd0000 - 0x00007ffc53c00000 	D:\jdk8\jre\bin\instrument.dll
0x00007ffc6db60000 - 0x00007ffc6db78000 	D:\jdk8\jre\bin\zip.dll
0x00007ffc79500000 - 0x00007ffc79c6c000 	C:\Windows\System32\SHELL32.dll
0x00007ffc75090000 - 0x00007ffc7582d000 	C:\Windows\SYSTEM32\windows.storage.dll
0x00007ffc77f00000 - 0x00007ffc78253000 	C:\Windows\System32\combase.dll
0x00007ffc76cc0000 - 0x00007ffc76cee000 	C:\Windows\SYSTEM32\Wldp.dll
0x00007ffc78fe0000 - 0x00007ffc790ad000 	C:\Windows\System32\OLEAUT32.dll
0x00007ffc793b0000 - 0x00007ffc7945d000 	C:\Windows\System32\SHCORE.dll
0x00007ffc792c0000 - 0x00007ffc79315000 	C:\Windows\System32\shlwapi.dll
0x00007ffc772a0000 - 0x00007ffc772c4000 	C:\Windows\SYSTEM32\profapi.dll
0x00007ffc701f0000 - 0x00007ffc701fa000 	D:\jdk8\jre\bin\dt_socket.dll
0x00007ffc76a20000 - 0x00007ffc76a8a000 	C:\Windows\system32\mswsock.dll
0x00007ffc65da0000 - 0x00007ffc65dbc000 	D:\jdk8\jre\bin\net.dll
0x00007ffc76740000 - 0x00007ffc7680a000 	C:\Windows\SYSTEM32\DNSAPI.dll
0x00007ffc76700000 - 0x00007ffc7673b000 	C:\Windows\SYSTEM32\IPHLPAPI.DLL
0x00007ffc78540000 - 0x00007ffc78548000 	C:\Windows\System32\NSI.dll
0x00007ffc701e0000 - 0x00007ffc701ea000 	C:\Windows\System32\rasadhlp.dll
0x00007ffc64420000 - 0x00007ffc644a0000 	C:\Windows\System32\fwpuclnt.dll
0x00007ffc64f60000 - 0x00007ffc64f6d000 	D:\jdk8\jre\bin\management.dll
0x00007ffc65c70000 - 0x00007ffc65c83000 	D:\jdk8\jre\bin\nio.dll
0x00007ffc76c10000 - 0x00007ffc76c28000 	C:\Windows\SYSTEM32\CRYPTSP.dll
0x00007ffc76340000 - 0x00007ffc76374000 	C:\Windows\system32\rsaenh.dll
0x00007ffc77210000 - 0x00007ffc7723e000 	C:\Windows\SYSTEM32\USERENV.dll
0x00007ffc77910000 - 0x00007ffc77992000 	C:\Windows\System32\bcryptprimitives.dll
0x00007ffc76c30000 - 0x00007ffc76c3c000 	C:\Windows\SYSTEM32\CRYPTBASE.dll
0x00007ffc6ed10000 - 0x00007ffc6ed27000 	C:\Windows\SYSTEM32\dhcpcsvc6.DLL
0x00007ffc6fe50000 - 0x00007ffc6fe6d000 	C:\Windows\SYSTEM32\dhcpcsvc.DLL
0x00007ffc5c0c0000 - 0x00007ffc5c0d7000 	C:\Windows\system32\napinsp.dll
0x00007ffc5bb00000 - 0x00007ffc5bb1b000 	C:\Windows\system32\pnrpnsp.dll
0x00007ffc73a90000 - 0x00007ffc73aa5000 	C:\Windows\system32\wshbth.dll
0x00007ffc71650000 - 0x00007ffc7166d000 	C:\Windows\system32\NLAapi.dll
0x00007ffc583b0000 - 0x00007ffc583c2000 	C:\Windows\System32\winrnr.dll
0x00007ffbb6d80000 - 0x00007ffbb9bbd000 	G:\code\Course_Design\springboot\lib\WIN64\libarcsoft_face.dll
0x00007ffc1cf70000 - 0x00007ffc1d016000 	C:\Windows\SYSTEM32\MSVCP120.dll
0x00007ffc281b0000 - 0x00007ffc2829f000 	C:\Windows\SYSTEM32\MSVCR120.dll
0x00007ffc28130000 - 0x00007ffc281af000 	G:\code\Course_Design\springboot\lib\WIN64\libarcsoft_face_engine.dll
0x00007ffc77cf0000 - 0x00007ffc77d4d000 	C:\Windows\System32\WLDAP32.dll
0x00007ffc53ba0000 - 0x00007ffc53bc5000 	G:\code\Course_Design\springboot\lib\WIN64\libarcsoft_face_engine_jni.dll
0x00007ffc2aa10000 - 0x00007ffc2aa34000 	D:\jdk8\jre\bin\sunec.dll
0x00007ffc64f50000 - 0x00007ffc64f5d000 	D:\jdk8\jre\bin\sunmscapi.dll
0x00007ffc775c0000 - 0x00007ffc7771e000 	C:\Windows\System32\CRYPT32.dll
0x00007ffc76d30000 - 0x00007ffc76d59000 	C:\Windows\SYSTEM32\ncrypt.dll
0x00007ffc76cf0000 - 0x00007ffc76d2b000 	C:\Windows\SYSTEM32\NTASN1.dll
0x00007ffbf8260000 - 0x00007ffbf83f4000 	D:\jdk8\jre\bin\awt.dll
0x00007ffc737b0000 - 0x00007ffc73840000 	C:\Windows\SYSTEM32\apphelp.dll
0x00007ffc26e60000 - 0x00007ffc26e9f000 	D:\jdk8\jre\bin\lcms.dll
0x00007ffc74bc0000 - 0x00007ffc74bef000 	C:\Windows\system32\DWMAPI.DLL
0x00007ffc74950000 - 0x00007ffc749ee000 	C:\Windows\system32\uxtheme.dll
0x00007ffc75970000 - 0x00007ffc75b54000 	C:\Windows\SYSTEM32\dbghelp.dll

VM Arguments:
jvm_args: -agentlib:jdwp=transport=dt_socket,address=127.0.0.1:6124,suspend=y,server=n -XX:TieredStopAtLevel=1 -Xverify:none -Dspring.output.ansi.enabled=always -Dcom.sun.management.jmxremote -Dspring.jmx.enabled=true -Dspring.liveBeansView.mbeanDomain -Dspring.application.admin.enabled=true -javaagent:C:\Users\lenovo\AppData\Local\JetBrains\IntelliJIdea2021.3\captureAgent\debugger-agent.jar -Dfile.encoding=UTF-8 
java_command: com.example.springboot.SpringbootApplication
java_class_path (initial): D:\jdk8\jre\lib\charsets.jar;D:\jdk8\jre\lib\deploy.jar;D:\jdk8\jre\lib\ext\access-bridge-64.jar;D:\jdk8\jre\lib\ext\cldrdata.jar;D:\jdk8\jre\lib\ext\dnsns.jar;D:\jdk8\jre\lib\ext\jaccess.jar;D:\jdk8\jre\lib\ext\jfxrt.jar;D:\jdk8\jre\lib\ext\localedata.jar;D:\jdk8\jre\lib\ext\nashorn.jar;D:\jdk8\jre\lib\ext\sunec.jar;D:\jdk8\jre\lib\ext\sunjce_provider.jar;D:\jdk8\jre\lib\ext\sunmscapi.jar;D:\jdk8\jre\lib\ext\sunpkcs11.jar;D:\jdk8\jre\lib\ext\zipfs.jar;D:\jdk8\jre\lib\javaws.jar;D:\jdk8\jre\lib\jce.jar;D:\jdk8\jre\lib\jfr.jar;D:\jdk8\jre\lib\jfxswt.jar;D:\jdk8\jre\lib\jsse.jar;D:\jdk8\jre\lib\management-agent.jar;D:\jdk8\jre\lib\plugin.jar;D:\jdk8\jre\lib\resources.jar;D:\jdk8\jre\lib\rt.jar;G:\code\Course_Design\springboot\target\classes;D:\IntelliJ IDEA 2021.3.2\plugins\maven\lib\maven3\mvn_repository\com\yucongming\yucongming-java-sdk\0.0.2\yucongming-java-sdk-0.0.2.jar;D:\IntelliJ IDEA 2021.3.2\plugins\maven\lib\maven3\mvn_repository\org\springframework\boot\spring-boot-starter\2.2.1.RELEASE\spring-boot-starter-2.2.1.RELEASE.jar;D:\IntelliJ IDEA 2021.3.2\plugins\maven\lib\maven3\mvn_repository\org\springframework\boot\spring-boot-starter-logging\2.2.1.RELEASE\spring-boot-starter-logging-2.2.1.RELEASE.jar;D:\IntelliJ IDEA 2021.3.2\plugins\maven\lib\maven3\mvn_repository\ch\qos\logback\logback-classic\1.2.3\logback-classic-1.2.3.jar;D:\IntelliJ IDEA 2021.3.2\plugins\maven\lib\maven3\mvn_repository\ch\qos\logback\logback-core\1.2.3\logback-core-1.2.3.jar;D:\IntelliJ IDEA 2021.3.2\plugins\maven\lib\maven3\mvn_repository\org\apache\logging\log4j\log4j-to-slf4j\2.12.1\log4j-to-slf4j-2.12.1.jar;D:\IntelliJ IDEA 2021.3.2\plugins\maven\lib\maven3\mvn_repository\org\apache\logging\log4j\log4j-api\2.12.1\log4j-api-2.12.1.jar;D:\IntelliJ IDEA 2021.3.2\plugins\maven\lib\maven3\mvn_repository\org\slf4j\jul-to-slf4j\1.7.29\jul-to-slf4j-1.7.29.jar;D:\IntelliJ IDEA 2021.3.2\plugins\maven\lib\maven3\mvn_repository\jakarta\annotation\jakarta.annotation
Launcher Type: SUN_STANDARD

Environment Variables:
JAVA_HOME=D:\JDK11
CLASSPATH=E:\apache-jmeter-5.5\lib\ext\ApacheJMeter_core.jar;E:\apache-jmeter-5.5\lib\jorphan.jar;E:\apache-jmeter-5.5\lib\logkit-2.0.jar;
PATH=D:\python\python2.8\;D:\python\python2.8\Scripts;D:\JDK11\bin;C:\Windows;C:\Windows\system32;C:\Windows\System32\Wbem;C:\Windows\System32\WindowsPowerShell\v1.0\;C:\Windows\System32\OpenSSH\;C:\Program Files\dotnet\;E:\mysql-8.0.28-winx64\bin;D:\IntelliJ IDEA 2021.3.2\plugins\maven\lib\maven3\bin;E:\redis-3.0.5\;D:\VSCode\mingw64\bin;E:\Go\bin;E:\apache-jmeter-5.5\bin;D:\masm32\bin;E:\sqlite;C:\Program Files (x86)\Pandoc\;D:\pcsuite\;D:\Git LFS;D:\VSCode\Microsoft VS Code\bin;C:\Program Files (x86)\NVIDIA Corporation\PhysX\Common;C:\Program Files\Google\Chrome\Application\;C:\Program Files\NVIDIA Corporation\NVIDIA App\NvDLISR;E:\Git\cmd;E:\front-end\nvm;E:\front-end\nodejs;D:\python\python3.8\Scripts\;D:\python\python3.8\;D:\Python\Scripts\;D:\Python\;C:\Users\lenovo\AppData\Local\Microsoft\WindowsApps;E:\IntelliJ IDEA Community Edition 2021.3.1\bin;;C:\Users\lenovo\.dotnet\tools;D:\VSCode\Microsoft VS Code\bin;C:\Users\lenovo\go\bin;E:\PyCharm Community Edition\bin;;E:\front-end\nvm;E:\front-end\nodejs
USERNAME=lenovo
OS=Windows_NT
PROCESSOR_IDENTIFIER=AMD64 Family 25 Model 80 Stepping 0, AuthenticAMD



---------------  S Y S T E M  ---------------

OS: Windows 10.0 , 64 bit Build 19041 (10.0.19041.3636)

CPU:total 12 (initial active 12) (12 cores per cpu, 1 threads per core) family 25 model 80 stepping 0, cmov, cx8, fxsr, mmx, sse, sse2, sse3, ssse3, sse4.1, sse4.2, popcnt, avx, avx2, aes, clmul, erms, mmxext, 3dnowpref, lzcnt, sse4a, tsc, tscinvbit, tscinv, bmi1

Memory: 4k page, physical 14528572k(3444356k free), swap 32944936k(6739712k free)

vm_info: Java HotSpot(TM) 64-Bit Server VM (25.271-b09) for windows-amd64 JRE (1.8.0_271-b09), built on Sep 16 2020 19:14:59 by "" with MS VC++ 15.9 (VS2017)

time: Tue Jun 18 17:00:05 2024
timezone: 中国标准时间
elapsed time: 80.725145 seconds (0d 0h 1m 20s)

